#
# There is insufficient memory for the Java Runtime Environment to continue.
# Native memory allocation (mmap) failed to map 495976448 bytes for Failed to commit area from 0x00000000b6200000 to 0x00000000d3b00000 of length 495976448.
# Possible reasons:
#   The system is out of physical RAM or swap space
#   The process is running with CompressedOops enabled, and the Java Heap may be blocking the growth of the native heap
# Possible solutions:
#   Reduce memory load on the system
#   Increase physical memory or swap space
#   Check if swap backing store is full
#   Decrease Java heap size (-Xmx/-Xms)
#   Decrease number of Java threads
#   Decrease Java thread stack sizes (-Xss)
#   Set larger code cache with -XX:ReservedCodeCacheSize=
#   JVM is running with Unscaled Compressed Oops mode in which the Java heap is
#     placed in the first 4GB address space. The Java Heap base address is the
#     maximum limit for the native heap growth. Please use -XX:HeapBaseMinAddress
#     to set the Java Heap base and to place the Java Heap above 4GB virtual address.
# This output file may be truncated or incomplete.
#
#  Out of Memory Error (./src/hotspot/os/windows/os_windows.cpp:3303), pid=10208, tid=7212
#
# JRE version: OpenJDK Runtime Environment (11.0.8+10) (build 11.0.8+10-b944.6842174)
# Java VM: OpenJDK 64-Bit Server VM (11.0.8+10-b944.6842174, mixed mode, tiered, compressed oops, g1 gc, windows-amd64)
# No core dump will be written. Minidumps are not enabled by default on client versions of Windows
#

---------------  S U M M A R Y ------------

Command Line: --add-opens=java.base/java.util=ALL-UNNAMED --add-opens=java.base/java.lang=ALL-UNNAMED --add-opens=java.base/java.lang.invoke=ALL-UNNAMED --add-opens=java.prefs/java.util.prefs=ALL-UNNAMED -Xmx1536m -Dfile.encoding=GBK -Duser.country=CA -Duser.language=en -Duser.variant org.gradle.launcher.daemon.bootstrap.GradleDaemon 5.4.1

Host: Intel(R) Atom(TM) x5-Z8350  CPU @ 1.44GHz, 4 cores, 1G,  Windows 10 , 64 bit Build 14393 (10.0.14393.2906)
Time: Tue Jun  1 09:11:44 2021 China Standard Time elapsed time: 2613 seconds (0d 0h 43m 33s)

---------------  T H R E A D  ---------------

Current thread (0x000001ce1b4e1000):  VMThread "VM Thread" [stack: 0x00000070e6800000,0x00000070e6900000] [id=7212]

Stack: [0x00000070e6800000,0x00000070e6900000]
[error occurred during error reporting (printing stack bounds), id 0xc0000005, EXCEPTION_ACCESS_VIOLATION (0xc0000005) at pc=0x000001ce05f70dbd]

Native frames: (J=compiled Java code, j=interpreted, Vv=VM code, C=native code)
V  [jvm.dll+0x5de50a]
V  [jvm.dll+0x7122f5]
V  [jvm.dll+0x71384d]
V  [jvm.dll+0x713e65]
V  [jvm.dll+0x713e1b]
V  [jvm.dll+0x5dd958]
V  [jvm.dll+0x5de0f8]
C  [ntdll.dll+0xaa57d]
C  [ntdll.dll+0x3fd23]
C  [ntdll.dll+0xa96ea]
C  0x000001ce05f70dbd

VM_Operation (0x00000070f02f7b40): G1CollectForAllocation, mode: safepoint, requested by thread 0x000001ce1f86b000


---------------  P R O C E S S  ---------------

Threads class SMR info:
_java_thread_list=0x000001ce22759390, length=42, elements={
0x000001ce025ef000, 0x000001ce1b509000, 0x000001ce1b512800, 0x000001ce1b572000,
0x000001ce1b574000, 0x000001ce1b577000, 0x000001ce1b57b800, 0x000001ce1b698800,
0x000001ce1b7cd000, 0x000001ce1b7ff000, 0x000001ce1bf4e000, 0x000001ce1b87e800,
0x000001ce1befc000, 0x000001ce1c1ce800, 0x000001ce1c1d0000, 0x000001ce1c1cd000,
0x000001ce1c1cf800, 0x000001ce1ed2e000, 0x000001ce1ed2f000, 0x000001ce1f86c000,
0x000001ce1ed2f800, 0x000001ce1f865800, 0x000001ce1f869800, 0x000001ce1f864800,
0x000001ce1f86b000, 0x000001ce1f86a800, 0x000001ce1f868000, 0x000001ce1f866800,
0x000001ce1f869000, 0x000001ce1f86e800, 0x000001ce1f871800, 0x000001ce1f86f800,
0x000001ce1f86d800, 0x000001ce1f871000, 0x000001ce1f870000, 0x000001ce1f872800,
0x000001ce1ed30800, 0x000001ce1ed2b800, 0x000001ce1ed31800, 0x000001ce1ed2c800,
0x000001ce1ed2d800, 0x000001ce1c1d1000
}

Java Threads: ( => current thread )
  0x000001ce025ef000 JavaThread "main" [_thread_blocked, id=7976, stack(0x00000070e6200000,0x00000070e6300000)]
  0x000001ce1b509000 JavaThread "Reference Handler" daemon [_thread_blocked, id=5404, stack(0x00000070e6900000,0x00000070e6a00000)]
  0x000001ce1b512800 JavaThread "Finalizer" daemon [_thread_blocked, id=2316, stack(0x00000070e6a00000,0x00000070e6b00000)]
  0x000001ce1b572000 JavaThread "Signal Dispatcher" daemon [_thread_blocked, id=6212, stack(0x00000070e6b00000,0x00000070e6c00000)]
  0x000001ce1b574000 JavaThread "Attach Listener" daemon [_thread_blocked, id=7176, stack(0x00000070e6c00000,0x00000070e6d00000)]
  0x000001ce1b577000 JavaThread "C2 CompilerThread0" daemon [_thread_blocked, id=7956, stack(0x00000070e6d00000,0x00000070e6e00000)]
  0x000001ce1b57b800 JavaThread "C1 CompilerThread0" daemon [_thread_blocked, id=8856, stack(0x00000070e6e00000,0x00000070e6f00000)]
  0x000001ce1b698800 JavaThread "Sweeper thread" daemon [_thread_blocked, id=5232, stack(0x00000070e6f00000,0x00000070e7000000)]
  0x000001ce1b7cd000 JavaThread "Common-Cleaner" daemon [_thread_blocked, id=3980, stack(0x00000070e7000000,0x00000070e7100000)]
  0x000001ce1b7ff000 JavaThread "Service Thread" daemon [_thread_blocked, id=9212, stack(0x00000070e7100000,0x00000070e7200000)]
  0x000001ce1bf4e000 JavaThread "Daemon health stats" [_thread_blocked, id=4996, stack(0x00000070e7400000,0x00000070e7500000)]
  0x000001ce1b87e800 JavaThread "Incoming local TCP Connector on port 63879" [_thread_in_native, id=9396, stack(0x00000070e7700000,0x00000070e7800000)]
  0x000001ce1befc000 JavaThread "Daemon periodic checks" [_thread_blocked, id=7412, stack(0x00000070e7800000,0x00000070e7900000)]
  0x000001ce1c1ce800 JavaThread "Cache worker for file hash cache (C:\Users\ME\.gradle\caches\5.4.1\fileHashes)" [_thread_blocked, id=6680, stack(0x00000070e8000000,0x00000070e8100000)]
  0x000001ce1c1d0000 JavaThread "File lock request listener" [_thread_in_native, id=6988, stack(0x00000070e8100000,0x00000070e8200000)]
  0x000001ce1c1cd000 JavaThread "Cache worker for journal cache (C:\Users\ME\.gradle\caches\journal-1)" [_thread_blocked, id=9896, stack(0x00000070e8200000,0x00000070e8300000)]
  0x000001ce1c1cf800 JavaThread "Cache worker for execution history cache (C:\Users\ME\.gradle\caches\5.4.1\executionHistory)" [_thread_blocked, id=7580, stack(0x00000070e8800000,0x00000070e8900000)]
  0x000001ce1ed2e000 JavaThread "Memory manager" [_thread_blocked, id=10212, stack(0x00000070e8e00000,0x00000070e8f00000)]
  0x000001ce1ed2f000 JavaThread "Cache worker for file content cache (C:\Users\ME\.gradle\caches\5.4.1\fileContent)" [_thread_blocked, id=9920, stack(0x00000070e8f00000,0x00000070e9000000)]
  0x000001ce1f86c000 JavaThread "Cache worker for Java compile cache (C:\Users\ME\.gradle\caches\5.4.1\javaCompile)" [_thread_blocked, id=3436, stack(0x00000070ea400000,0x00000070ea500000)]
  0x000001ce1ed2f800 JavaThread "ForkJoinPool.commonPool-worker-3" daemon [_thread_blocked, id=1520, stack(0x00000070ead00000,0x00000070eae00000)]
  0x000001ce1f865800 JavaThread "Daemon Thread 4" [_thread_blocked, id=11220, stack(0x00000070eff00000,0x00000070f0000000)]
  0x000001ce1f869800 JavaThread "Handler for socket connection from /127.0.0.1:63879 to /127.0.0.1:64566" [_thread_in_native, id=7516, stack(0x00000070f0000000,0x00000070f0100000)]
  0x000001ce1f864800 JavaThread "Cancel handler" [_thread_blocked, id=4448, stack(0x00000070f0100000,0x00000070f0200000)]
  0x000001ce1f86b000 JavaThread "Daemon worker Thread 4" [_thread_blocked, id=10796, stack(0x00000070f0200000,0x00000070f0300000)]
  0x000001ce1f86a800 JavaThread "Asynchronous log dispatcher for DefaultDaemonConnection: socket connection from /127.0.0.1:63879 to /127.0.0.1:64566" [_thread_blocked, id=8264, stack(0x00000070f0300000,0x00000070f0400000)]
  0x000001ce1f868000 JavaThread "Thread-92" [_thread_blocked, id=10788, stack(0x00000070f0500000,0x00000070f0600000)]
  0x000001ce1f866800 JavaThread "Cache worker for file hash cache (C:\Users\ME\Desktop\AllenApp\.gradle\5.4.1\fileHashes)" [_thread_blocked, id=6792, stack(0x00000070f0600000,0x00000070f0700000)]
  0x000001ce1f869000 JavaThread "Cache worker for cache directory md-supplier (C:\Users\ME\.gradle\caches\5.4.1\md-supplier)" [_thread_blocked, id=8320, stack(0x00000070f0700000,0x00000070f0800000)]
  0x000001ce1f86e800 JavaThread "Cache worker for cache directory md-rule (C:\Users\ME\.gradle\caches\5.4.1\md-rule)" [_thread_blocked, id=11192, stack(0x00000070f0800000,0x00000070f0900000)]
  0x000001ce1f871800 JavaThread "Build operations" [_thread_blocked, id=6796, stack(0x00000070f0900000,0x00000070f0a00000)]
  0x000001ce1f86f800 JavaThread "Build operations Thread 2" [_thread_blocked, id=10936, stack(0x00000070f0a00000,0x00000070f0b00000)]
  0x000001ce1f86d800 JavaThread "Build operations Thread 3" [_thread_blocked, id=11080, stack(0x00000070f0b00000,0x00000070f0c00000)]
  0x000001ce1f871000 JavaThread "Build operations Thread 4" [_thread_blocked, id=10376, stack(0x00000070f0c00000,0x00000070f0d00000)]
  0x000001ce1f870000 JavaThread "Cache worker for Build Output Cleanup Cache (C:\Users\ME\Desktop\AllenApp\.gradle\buildOutputCleanup)" [_thread_blocked, id=10816, stack(0x00000070f0d00000,0x00000070f0e00000)]
  0x000001ce1f872800 JavaThread "Cache worker for file content cache (C:\Users\ME\Desktop\AllenApp\.gradle\5.4.1\fileContent)" [_thread_blocked, id=10952, stack(0x00000070f0e00000,0x00000070f0f00000)]
  0x000001ce1ed30800 JavaThread "Execution worker for ':'" [_thread_blocked, id=1128, stack(0x00000070f0f00000,0x00000070f1000000)]
  0x000001ce1ed2b800 JavaThread "Execution worker for ':' Thread 2" [_thread_blocked, id=9552, stack(0x00000070f1000000,0x00000070f1100000)]
  0x000001ce1ed31800 JavaThread "Execution worker for ':' Thread 3" [_thread_blocked, id=8156, stack(0x00000070f1100000,0x00000070f1200000)]
  0x000001ce1ed2c800 JavaThread "Cache worker for execution history cache (C:\Users\ME\Desktop\AllenApp\.gradle\5.4.1\executionHistory)" [_thread_blocked, id=7572, stack(0x00000070f1200000,0x00000070f1300000)]
  0x000001ce1ed2d800 JavaThread "ForkJoinPool.commonPool-worker-5" daemon [_thread_blocked, id=7036, stack(0x00000070f1900000,0x00000070f1a00000)]
  0x000001ce1c1d1000 JavaThread "ForkJoinPool.commonPool-worker-7" daemon [_thread_blocked, id=3908, stack(0x00000070f1a00000,0x00000070f1b00000)]

Other Threads:
=>0x000001ce1b4e1000 VMThread "VM Thread" [stack: 0x00000070e6800000,0x00000070e6900000] [id=7212]
  0x000001ce1b800000 WatcherThread [stack: 0x00000070e7200000,0x00000070e7300000] [id=3008]
  0x000001ce02607800 GCTaskThread "GC Thread#0" [stack: 0x00000070e6300000,0x00000070e6400000] [id=7232]
  0x000001ce1be0c000 GCTaskThread "GC Thread#1" [stack: 0x00000070e7300000,0x00000070e7400000] [id=9416]
  0x000001ce1be22800 GCTaskThread "GC Thread#2" [stack: 0x00000070e7500000,0x00000070e7600000] [id=2360]
  0x000001ce1befe000 GCTaskThread "GC Thread#3" [stack: 0x00000070e7600000,0x00000070e7700000] [id=440]
  0x000001ce0262d800 ConcurrentGCThread "G1 Main Marker" [stack: 0x00000070e6400000,0x00000070e6500000] [id=8516]
  0x000001ce0262f000 ConcurrentGCThread "G1 Conc#0" [stack: 0x00000070e6500000,0x00000070e6600000] [id=4804]
  0x000001ce02670800 ConcurrentGCThread "G1 Refine#0" [stack: 0x00000070e6600000,0x00000070e6700000] [id=5680]
  0x000001ce02673800 ConcurrentGCThread "G1 Young RemSet Sampling" [stack: 0x00000070e6700000,0x00000070e6800000] [id=4892]

Threads with active compile tasks:
C2 CompilerThread02614960 25157       4       com.android.tools.r8.ir.conversion.N::getCurrentCatchHandlers (176 bytes)

VM state:at safepoint (normal execution)

VM Mutex/Monitor currently owned by a thread:  ([mutex/lock_event])
[0x000001ce025ee7a0] Threads_lock - owner thread: 0x000001ce1b4e1000
[0x000001ce025ed480] Heap_lock - owner thread: 0x000001ce1f86b000

Heap address: 0x00000000a0000000, size: 1536 MB, Compressed Oops mode: 32-bit
Narrow klass base: 0x0000000000000000, Narrow klass shift: 3
Compressed class space size: 1073741824 Address: 0x0000000100000000

Heap:
 garbage-first heap   total 846848K, used 152207K [0x00000000a0000000, 0x0000000100000000)
  region size 1024K, 1 young (1024K), 1 survivors (1024K)
 Metaspace       used 148864K, capacity 151943K, committed 152192K, reserved 1181696K
  class space    used 18016K, capacity 19059K, committed 19072K, reserved 1048576K
Heap Regions: E=young(eden), S=young(survivor), O=old, HS=humongous(starts), HC=humongous(continues), CS=collection set, F=free, A=archive, TAMS=top-at-mark-start (previous, next)
|   0|0x00000000a0000000, 0x00000000a0100000, 0x00000000a0100000|100%| O|  |TAMS 0x00000000a0100000, 0x00000000a0000000| Untracked 
|   1|0x00000000a0100000, 0x00000000a0200000, 0x00000000a0200000|100%| O|  |TAMS 0x00000000a0200000, 0x00000000a0100000| Untracked 
|   2|0x00000000a0200000, 0x00000000a0300000, 0x00000000a0300000|100%|HS|  |TAMS 0x00000000a0300000, 0x00000000a0200000| Complete 
|   3|0x00000000a0300000, 0x00000000a0400000, 0x00000000a0400000|100%|HS|  |TAMS 0x00000000a0400000, 0x00000000a0300000| Complete 
|   4|0x00000000a0400000, 0x00000000a0500000, 0x00000000a0500000|100%|HC|  |TAMS 0x00000000a0500000, 0x00000000a0400000| Complete 
|   5|0x00000000a0500000, 0x00000000a0600000, 0x00000000a0600000|100%| O|  |TAMS 0x00000000a0600000, 0x00000000a0500000| Untracked 
|   6|0x00000000a0600000, 0x00000000a0700000, 0x00000000a0700000|100%| O|  |TAMS 0x00000000a0700000, 0x00000000a0600000| Untracked 
|   7|0x00000000a0700000, 0x00000000a0800000, 0x00000000a0800000|100%| O|  |TAMS 0x00000000a0800000, 0x00000000a0700000| Untracked 
|   8|0x00000000a0800000, 0x00000000a0900000, 0x00000000a0900000|100%| O|  |TAMS 0x00000000a0900000, 0x00000000a0800000| Untracked 
|   9|0x00000000a0900000, 0x00000000a0a00000, 0x00000000a0a00000|100%| O|  |TAMS 0x00000000a0a00000, 0x00000000a0900000| Untracked 
|  10|0x00000000a0a00000, 0x00000000a0b00000, 0x00000000a0b00000|100%| O|  |TAMS 0x00000000a0b00000, 0x00000000a0a00000| Untracked 
|  11|0x00000000a0b00000, 0x00000000a0c00000, 0x00000000a0c00000|100%| O|  |TAMS 0x00000000a0c00000, 0x00000000a0b00000| Untracked 
|  12|0x00000000a0c00000, 0x00000000a0d00000, 0x00000000a0d00000|100%| O|  |TAMS 0x00000000a0d00000, 0x00000000a0c00000| Untracked 
|  13|0x00000000a0d00000, 0x00000000a0e00000, 0x00000000a0e00000|100%| O|  |TAMS 0x00000000a0e00000, 0x00000000a0d00000| Untracked 
|  14|0x00000000a0e00000, 0x00000000a0f00000, 0x00000000a0f00000|100%| O|  |TAMS 0x00000000a0f00000, 0x00000000a0e00000| Untracked 
|  15|0x00000000a0f00000, 0x00000000a1000000, 0x00000000a1000000|100%|HS|  |TAMS 0x00000000a1000000, 0x00000000a0f00000| Complete 
|  16|0x00000000a1000000, 0x00000000a1100000, 0x00000000a1100000|100%|HC|  |TAMS 0x00000000a1100000, 0x00000000a1000000| Complete 
|  17|0x00000000a1100000, 0x00000000a1200000, 0x00000000a1200000|100%| O|  |TAMS 0x00000000a1200000, 0x00000000a1100000| Untracked 
|  18|0x00000000a1200000, 0x00000000a1300000, 0x00000000a1300000|100%|HS|  |TAMS 0x00000000a1300000, 0x00000000a1200000| Complete 
|  19|0x00000000a1300000, 0x00000000a1400000, 0x00000000a1400000|100%|HC|  |TAMS 0x00000000a1400000, 0x00000000a1300000| Complete 
|  20|0x00000000a1400000, 0x00000000a1500000, 0x00000000a1500000|100%|HC|  |TAMS 0x00000000a1500000, 0x00000000a1400000| Complete 
|  21|0x00000000a1500000, 0x00000000a1600000, 0x00000000a1600000|100%|HS|  |TAMS 0x00000000a1600000, 0x00000000a1500000| Complete 
|  22|0x00000000a1600000, 0x00000000a1700000, 0x00000000a1700000|100%|HC|  |TAMS 0x00000000a1700000, 0x00000000a1600000| Complete 
|  23|0x00000000a1700000, 0x00000000a1800000, 0x00000000a1800000|100%|HC|  |TAMS 0x00000000a1800000, 0x00000000a1700000| Complete 
|  24|0x00000000a1800000, 0x00000000a1900000, 0x00000000a1900000|100%|HC|  |TAMS 0x00000000a1900000, 0x00000000a1800000| Complete 
|  25|0x00000000a1900000, 0x00000000a1a00000, 0x00000000a1a00000|100%| O|  |TAMS 0x00000000a1a00000, 0x00000000a1900000| Untracked 
|  26|0x00000000a1a00000, 0x00000000a1b00000, 0x00000000a1b00000|100%| O|  |TAMS 0x00000000a1b00000, 0x00000000a1a00000| Untracked 
|  27|0x00000000a1b00000, 0x00000000a1c00000, 0x00000000a1c00000|100%| O|  |TAMS 0x00000000a1c00000, 0x00000000a1b00000| Untracked 
|  28|0x00000000a1c00000, 0x00000000a1d00000, 0x00000000a1d00000|100%| O|  |TAMS 0x00000000a1d00000, 0x00000000a1c00000| Untracked 
|  29|0x00000000a1d00000, 0x00000000a1e00000, 0x00000000a1e00000|100%| O|  |TAMS 0x00000000a1e00000, 0x00000000a1d00000| Untracked 
|  30|0x00000000a1e00000, 0x00000000a1f00000, 0x00000000a1f00000|100%| O|  |TAMS 0x00000000a1f00000, 0x00000000a1e00000| Untracked 
|  31|0x00000000a1f00000, 0x00000000a2000000, 0x00000000a2000000|100%| O|  |TAMS 0x00000000a2000000, 0x00000000a1f00000| Untracked 
|  32|0x00000000a2000000, 0x00000000a2100000, 0x00000000a2100000|100%| O|  |TAMS 0x00000000a2100000, 0x00000000a2000000| Untracked 
|  33|0x00000000a2100000, 0x00000000a2200000, 0x00000000a2200000|100%| O|  |TAMS 0x00000000a2200000, 0x00000000a2100000| Untracked 
|  34|0x00000000a2200000, 0x00000000a2300000, 0x00000000a2300000|100%|HS|  |TAMS 0x00000000a2300000, 0x00000000a2200000| Complete 
|  35|0x00000000a2300000, 0x00000000a2400000, 0x00000000a2400000|100%|HC|  |TAMS 0x00000000a2400000, 0x00000000a2300000| Complete 
|  36|0x00000000a2400000, 0x00000000a2500000, 0x00000000a2500000|100%| O|  |TAMS 0x00000000a2500000, 0x00000000a2400000| Untracked 
|  37|0x00000000a2500000, 0x00000000a2600000, 0x00000000a2600000|100%| O|  |TAMS 0x00000000a2600000, 0x00000000a2500000| Untracked 
|  38|0x00000000a2600000, 0x00000000a2700000, 0x00000000a2700000|100%| O|  |TAMS 0x00000000a2700000, 0x00000000a2600000| Untracked 
|  39|0x00000000a2700000, 0x00000000a2800000, 0x00000000a2800000|100%| O|  |TAMS 0x00000000a2800000, 0x00000000a2700000| Untracked 
|  40|0x00000000a2800000, 0x00000000a2900000, 0x00000000a2900000|100%| O|  |TAMS 0x00000000a2900000, 0x00000000a2800000| Untracked 
|  41|0x00000000a2900000, 0x00000000a2a00000, 0x00000000a2a00000|100%| O|  |TAMS 0x00000000a2a00000, 0x00000000a2900000| Untracked 
|  42|0x00000000a2a00000, 0x00000000a2b00000, 0x00000000a2b00000|100%| O|  |TAMS 0x00000000a2b00000, 0x00000000a2a00000| Untracked 
|  43|0x00000000a2b00000, 0x00000000a2c00000, 0x00000000a2c00000|100%| O|  |TAMS 0x00000000a2c00000, 0x00000000a2b00000| Untracked 
|  44|0x00000000a2c00000, 0x00000000a2d00000, 0x00000000a2d00000|100%| O|  |TAMS 0x00000000a2d00000, 0x00000000a2c00000| Untracked 
|  45|0x00000000a2d00000, 0x00000000a2e00000, 0x00000000a2e00000|100%| O|  |TAMS 0x00000000a2d70200, 0x00000000a2d00000| Untracked 
|  46|0x00000000a2e00000, 0x00000000a2f00000, 0x00000000a2f00000|100%| O|  |TAMS 0x00000000a2f00000, 0x00000000a2e00000| Untracked 
|  47|0x00000000a2f00000, 0x00000000a3000000, 0x00000000a3000000|100%| O|  |TAMS 0x00000000a3000000, 0x00000000a2f00000| Untracked 
|  48|0x00000000a3000000, 0x00000000a3100000, 0x00000000a3100000|100%| O|  |TAMS 0x00000000a3100000, 0x00000000a3000000| Untracked 
|  49|0x00000000a3100000, 0x00000000a3200000, 0x00000000a3200000|100%| O|  |TAMS 0x00000000a3200000, 0x00000000a3100000| Untracked 
|  50|0x00000000a3200000, 0x00000000a3300000, 0x00000000a3300000|100%|HS|  |TAMS 0x00000000a3200000, 0x00000000a3200000| Complete 
|  51|0x00000000a3300000, 0x00000000a3400000, 0x00000000a3400000|100%|HS|  |TAMS 0x00000000a3300000, 0x00000000a3300000| Complete 
|  52|0x00000000a3400000, 0x00000000a3500000, 0x00000000a3500000|100%| O|  |TAMS 0x00000000a3500000, 0x00000000a3400000| Untracked 
|  53|0x00000000a3500000, 0x00000000a3600000, 0x00000000a3600000|100%| O|  |TAMS 0x00000000a3600000, 0x00000000a3500000| Untracked 
|  54|0x00000000a3600000, 0x00000000a3700000, 0x00000000a3700000|100%| O|  |TAMS 0x00000000a3700000, 0x00000000a3600000| Untracked 
|  55|0x00000000a3700000, 0x00000000a3800000, 0x00000000a3800000|100%| O|  |TAMS 0x00000000a3800000, 0x00000000a3700000| Untracked 
|  56|0x00000000a3800000, 0x00000000a3900000, 0x00000000a3900000|100%| O|  |TAMS 0x00000000a3900000, 0x00000000a3800000| Untracked 
|  57|0x00000000a3900000, 0x00000000a3a00000, 0x00000000a3a00000|100%| O|  |TAMS 0x00000000a3a00000, 0x00000000a3900000| Untracked 
|  58|0x00000000a3a00000, 0x00000000a3b00000, 0x00000000a3b00000|100%| O|  |TAMS 0x00000000a3b00000, 0x00000000a3a00000| Untracked 
|  59|0x00000000a3b00000, 0x00000000a3c00000, 0x00000000a3c00000|100%| O|  |TAMS 0x00000000a3c00000, 0x00000000a3b00000| Untracked 
|  60|0x00000000a3c00000, 0x00000000a3d00000, 0x00000000a3d00000|100%| O|  |TAMS 0x00000000a3d00000, 0x00000000a3c00000| Untracked 
|  61|0x00000000a3d00000, 0x00000000a3e00000, 0x00000000a3e00000|100%| O|  |TAMS 0x00000000a3e00000, 0x00000000a3d00000| Untracked 
|  62|0x00000000a3e00000, 0x00000000a3f00000, 0x00000000a3f00000|100%| O|  |TAMS 0x00000000a3f00000, 0x00000000a3e00000| Untracked 
|  63|0x00000000a3f00000, 0x00000000a4000000, 0x00000000a4000000|100%| O|  |TAMS 0x00000000a4000000, 0x00000000a3f00000| Untracked 
|  64|0x00000000a4000000, 0x00000000a4100000, 0x00000000a4100000|100%| O|  |TAMS 0x00000000a4100000, 0x00000000a4000000| Untracked 
|  65|0x00000000a4100000, 0x00000000a4200000, 0x00000000a4200000|100%| O|  |TAMS 0x00000000a4100000, 0x00000000a4100000| Untracked 
|  66|0x00000000a4200000, 0x00000000a4300000, 0x00000000a4300000|100%| O|  |TAMS 0x00000000a4300000, 0x00000000a4200000| Untracked 
|  67|0x00000000a4300000, 0x00000000a4400000, 0x00000000a4400000|100%| O|  |TAMS 0x00000000a4400000, 0x00000000a4300000| Untracked 
|  68|0x00000000a4400000, 0x00000000a4500000, 0x00000000a4500000|100%| O|  |TAMS 0x00000000a4500000, 0x00000000a4400000| Untracked 
|  69|0x00000000a4500000, 0x00000000a4600000, 0x00000000a4600000|100%| O|  |TAMS 0x00000000a4500000, 0x00000000a4500000| Untracked 
|  70|0x00000000a4600000, 0x00000000a4700000, 0x00000000a4700000|100%| O|  |TAMS 0x00000000a4600000, 0x00000000a4600000| Untracked 
|  71|0x00000000a4700000, 0x00000000a4800000, 0x00000000a4800000|100%| O|  |TAMS 0x00000000a4800000, 0x00000000a4700000| Untracked 
|  72|0x00000000a4800000, 0x00000000a4900000, 0x00000000a4900000|100%| O|  |TAMS 0x00000000a4900000, 0x00000000a4800000| Untracked 
|  73|0x00000000a4900000, 0x00000000a4a00000, 0x00000000a4a00000|100%| O|  |TAMS 0x00000000a4a00000, 0x00000000a4900000| Untracked 
|  74|0x00000000a4a00000, 0x00000000a4b00000, 0x00000000a4b00000|100%| O|  |TAMS 0x00000000a4b00000, 0x00000000a4a00000| Untracked 
|  75|0x00000000a4b00000, 0x00000000a4c00000, 0x00000000a4c00000|100%| O|  |TAMS 0x00000000a4c00000, 0x00000000a4b00000| Untracked 
|  76|0x00000000a4c00000, 0x00000000a4d00000, 0x00000000a4d00000|100%| O|  |TAMS 0x00000000a4c00000, 0x00000000a4c00000| Untracked 
|  77|0x00000000a4d00000, 0x00000000a4e00000, 0x00000000a4e00000|100%| O|  |TAMS 0x00000000a4e00000, 0x00000000a4d00000| Untracked 
|  78|0x00000000a4e00000, 0x00000000a4f00000, 0x00000000a4f00000|100%| O|  |TAMS 0x00000000a4f00000, 0x00000000a4e00000| Untracked 
|  79|0x00000000a4f00000, 0x00000000a5000000, 0x00000000a5000000|100%| O|  |TAMS 0x00000000a5000000, 0x00000000a4f00000| Untracked 
|  80|0x00000000a5000000, 0x00000000a5100000, 0x00000000a5100000|100%| O|  |TAMS 0x00000000a5100000, 0x00000000a5000000| Untracked 
|  81|0x00000000a5100000, 0x00000000a5200000, 0x00000000a5200000|100%| O|  |TAMS 0x00000000a5200000, 0x00000000a5100000| Untracked 
|  82|0x00000000a5200000, 0x00000000a5300000, 0x00000000a5300000|100%| O|  |TAMS 0x00000000a5300000, 0x00000000a5200000| Untracked 
|  83|0x00000000a5300000, 0x00000000a5400000, 0x00000000a5400000|100%| O|  |TAMS 0x00000000a5400000, 0x00000000a5300000| Untracked 
|  84|0x00000000a5400000, 0x00000000a5500000, 0x00000000a5500000|100%| O|  |TAMS 0x00000000a5500000, 0x00000000a5400000| Untracked 
|  85|0x00000000a5500000, 0x00000000a5600000, 0x00000000a5600000|100%| O|  |TAMS 0x00000000a5600000, 0x00000000a5500000| Untracked 
|  86|0x00000000a5600000, 0x00000000a5700000, 0x00000000a5700000|100%| O|  |TAMS 0x00000000a5600000, 0x00000000a5600000| Untracked 
|  87|0x00000000a5700000, 0x00000000a5800000, 0x00000000a5800000|100%|HS|  |TAMS 0x00000000a5700000, 0x00000000a5700000| Complete 
|  88|0x00000000a5800000, 0x00000000a5900000, 0x00000000a5900000|100%| O|  |TAMS 0x00000000a5800000, 0x00000000a5800000| Untracked 
|  89|0x00000000a5900000, 0x00000000a5a00000, 0x00000000a5a00000|100%|HS|  |TAMS 0x00000000a5900000, 0x00000000a5900000| Complete 
|  90|0x00000000a5a00000, 0x00000000a5b00000, 0x00000000a5b00000|100%| O|  |TAMS 0x00000000a5a00000, 0x00000000a5a00000| Untracked 
|  91|0x00000000a5b00000, 0x00000000a5c00000, 0x00000000a5c00000|100%| O|  |TAMS 0x00000000a5b00000, 0x00000000a5b00000| Untracked 
|  92|0x00000000a5c00000, 0x00000000a5d00000, 0x00000000a5d00000|100%| O|  |TAMS 0x00000000a5c00000, 0x00000000a5c00000| Untracked 
|  93|0x00000000a5d00000, 0x00000000a5e00000, 0x00000000a5e00000|100%| O|  |TAMS 0x00000000a5d00000, 0x00000000a5d00000| Untracked 
|  94|0x00000000a5e00000, 0x00000000a5f00000, 0x00000000a5f00000|100%| O|  |TAMS 0x00000000a5e00000, 0x00000000a5e00000| Untracked 
|  95|0x00000000a5f00000, 0x00000000a6000000, 0x00000000a6000000|100%| O|  |TAMS 0x00000000a5f00000, 0x00000000a5f00000| Untracked 
|  96|0x00000000a6000000, 0x00000000a6100000, 0x00000000a6100000|100%| O|  |TAMS 0x00000000a6000000, 0x00000000a6000000| Untracked 
|  97|0x00000000a6100000, 0x00000000a6200000, 0x00000000a6200000|100%| O|  |TAMS 0x00000000a6100000, 0x00000000a6100000| Untracked 
|  98|0x00000000a6200000, 0x00000000a6300000, 0x00000000a6300000|100%| O|  |TAMS 0x00000000a6300000, 0x00000000a6200000| Untracked 
|  99|0x00000000a6300000, 0x00000000a6400000, 0x00000000a6400000|100%| O|  |TAMS 0x00000000a6300000, 0x00000000a6300000| Untracked 
| 100|0x00000000a6400000, 0x00000000a6500000, 0x00000000a6500000|100%| O|  |TAMS 0x00000000a6400000, 0x00000000a6400000| Untracked 
| 101|0x00000000a6500000, 0x00000000a6600000, 0x00000000a6600000|100%| O|  |TAMS 0x00000000a6500000, 0x00000000a6500000| Untracked 
| 102|0x00000000a6600000, 0x00000000a6700000, 0x00000000a6700000|100%| O|  |TAMS 0x00000000a6600000, 0x00000000a6600000| Untracked 
| 103|0x00000000a6700000, 0x00000000a6800000, 0x00000000a6800000|100%| O|  |TAMS 0x00000000a6700000, 0x00000000a6700000| Untracked 
| 104|0x00000000a6800000, 0x00000000a6900000, 0x00000000a6900000|100%| O|  |TAMS 0x00000000a6800000, 0x00000000a6800000| Untracked 
| 105|0x00000000a6900000, 0x00000000a6a00000, 0x00000000a6a00000|100%| O|  |TAMS 0x00000000a6900000, 0x00000000a6900000| Untracked 
| 106|0x00000000a6a00000, 0x00000000a6b00000, 0x00000000a6b00000|100%| O|  |TAMS 0x00000000a6a00000, 0x00000000a6a00000| Untracked 
| 107|0x00000000a6b00000, 0x00000000a6c00000, 0x00000000a6c00000|100%| O|  |TAMS 0x00000000a6b00000, 0x00000000a6b00000| Untracked 
| 108|0x00000000a6c00000, 0x00000000a6d00000, 0x00000000a6d00000|100%| O|  |TAMS 0x00000000a6c00000, 0x00000000a6c00000| Untracked 
| 109|0x00000000a6d00000, 0x00000000a6e00000, 0x00000000a6e00000|100%| O|  |TAMS 0x00000000a6d00000, 0x00000000a6d00000| Untracked 
| 110|0x00000000a6e00000, 0x00000000a6f00000, 0x00000000a6f00000|100%| O|  |TAMS 0x00000000a6e00000, 0x00000000a6e00000| Untracked 
| 111|0x00000000a6f00000, 0x00000000a7000000, 0x00000000a7000000|100%| O|  |TAMS 0x00000000a6f00000, 0x00000000a6f00000| Untracked 
| 112|0x00000000a7000000, 0x00000000a7100000, 0x00000000a7100000|100%| O|  |TAMS 0x00000000a7000000, 0x00000000a7000000| Untracked 
| 113|0x00000000a7100000, 0x00000000a7200000, 0x00000000a7200000|100%| O|  |TAMS 0x00000000a7100000, 0x00000000a7100000| Untracked 
| 114|0x00000000a7200000, 0x00000000a7300000, 0x00000000a7300000|100%| O|  |TAMS 0x00000000a7200000, 0x00000000a7200000| Untracked 
| 115|0x00000000a7300000, 0x00000000a7400000, 0x00000000a7400000|100%| O|  |TAMS 0x00000000a7300000, 0x00000000a7300000| Untracked 
| 116|0x00000000a7400000, 0x00000000a7500000, 0x00000000a7500000|100%| O|  |TAMS 0x00000000a7400000, 0x00000000a7400000| Untracked 
| 117|0x00000000a7500000, 0x00000000a7600000, 0x00000000a7600000|100%| O|  |TAMS 0x00000000a7500000, 0x00000000a7500000| Untracked 
| 118|0x00000000a7600000, 0x00000000a7700000, 0x00000000a7700000|100%|HS|  |TAMS 0x00000000a7600000, 0x00000000a7600000| Complete 
| 119|0x00000000a7700000, 0x00000000a7800000, 0x00000000a7800000|100%|HS|  |TAMS 0x00000000a7700000, 0x00000000a7700000| Complete 
| 120|0x00000000a7800000, 0x00000000a7900000, 0x00000000a7900000|100%|HC|  |TAMS 0x00000000a7800000, 0x00000000a7800000| Complete 
| 121|0x00000000a7900000, 0x00000000a7a00000, 0x00000000a7a00000|100%| O|  |TAMS 0x00000000a7900000, 0x00000000a7900000| Untracked 
| 122|0x00000000a7a00000, 0x00000000a7b00000, 0x00000000a7b00000|100%| O|  |TAMS 0x00000000a7a00000, 0x00000000a7a00000| Untracked 
| 123|0x00000000a7b00000, 0x00000000a7c00000, 0x00000000a7c00000|100%| O|  |TAMS 0x00000000a7b00000, 0x00000000a7b00000| Untracked 
| 124|0x00000000a7c00000, 0x00000000a7d00000, 0x00000000a7d00000|100%| O|  |TAMS 0x00000000a7c00000, 0x00000000a7c00000| Untracked 
| 125|0x00000000a7d00000, 0x00000000a7e00000, 0x00000000a7e00000|100%| O|  |TAMS 0x00000000a7d00000, 0x00000000a7d00000| Untracked 
| 126|0x00000000a7e00000, 0x00000000a7f00000, 0x00000000a7f00000|100%| O|  |TAMS 0x00000000a7e00000, 0x00000000a7e00000| Untracked 
| 127|0x00000000a7f00000, 0x00000000a8000000, 0x00000000a8000000|100%| O|  |TAMS 0x00000000a7f00000, 0x00000000a7f00000| Untracked 
| 128|0x00000000a8000000, 0x00000000a8100000, 0x00000000a8100000|100%| O|  |TAMS 0x00000000a8000000, 0x00000000a8000000| Untracked 
| 129|0x00000000a8100000, 0x00000000a8200000, 0x00000000a8200000|100%| O|  |TAMS 0x00000000a8100000, 0x00000000a8100000| Untracked 
| 130|0x00000000a8200000, 0x00000000a8300000, 0x00000000a8300000|100%| O|  |TAMS 0x00000000a8200000, 0x00000000a8200000| Untracked 
| 131|0x00000000a8300000, 0x00000000a8400000, 0x00000000a8400000|100%| O|  |TAMS 0x00000000a8300000, 0x00000000a8300000| Untracked 
| 132|0x00000000a8400000, 0x00000000a8500000, 0x00000000a8500000|100%| O|  |TAMS 0x00000000a8400000, 0x00000000a8400000| Untracked 
| 133|0x00000000a8500000, 0x00000000a8600000, 0x00000000a8600000|100%| O|  |TAMS 0x00000000a8500000, 0x00000000a8500000| Untracked 
| 134|0x00000000a8600000, 0x00000000a8700000, 0x00000000a8700000|100%| O|  |TAMS 0x00000000a8600000, 0x00000000a8600000| Untracked 
| 135|0x00000000a8700000, 0x00000000a8800000, 0x00000000a8800000|100%| O|  |TAMS 0x00000000a8700000, 0x00000000a8700000| Untracked 
| 136|0x00000000a8800000, 0x00000000a8900000, 0x00000000a8900000|100%| O|  |TAMS 0x00000000a8800000, 0x00000000a8800000| Untracked 
| 137|0x00000000a8900000, 0x00000000a8a00000, 0x00000000a8a00000|100%| O|  |TAMS 0x00000000a8900000, 0x00000000a8900000| Untracked 
| 138|0x00000000a8a00000, 0x00000000a8b00000, 0x00000000a8b00000|100%| O|  |TAMS 0x00000000a8a00000, 0x00000000a8a00000| Untracked 
| 139|0x00000000a8b00000, 0x00000000a8c00000, 0x00000000a8c00000|100%| O|  |TAMS 0x00000000a8b00000, 0x00000000a8b00000| Untracked 
| 140|0x00000000a8c00000, 0x00000000a8d00000, 0x00000000a8d00000|100%| O|  |TAMS 0x00000000a8c00000, 0x00000000a8c00000| Untracked 
| 141|0x00000000a8d00000, 0x00000000a8e00000, 0x00000000a8e00000|100%| O|  |TAMS 0x00000000a8d00000, 0x00000000a8d00000| Untracked 
| 142|0x00000000a8e00000, 0x00000000a8f00000, 0x00000000a8f00000|100%| O|  |TAMS 0x00000000a8e00000, 0x00000000a8e00000| Untracked 
| 143|0x00000000a8f00000, 0x00000000a9000000, 0x00000000a9000000|100%| O|  |TAMS 0x00000000a8f00000, 0x00000000a8f00000| Untracked 
| 144|0x00000000a9000000, 0x00000000a9100000, 0x00000000a9100000|100%| O|  |TAMS 0x00000000a9000000, 0x00000000a9000000| Untracked 
| 145|0x00000000a9100000, 0x00000000a9200000, 0x00000000a9200000|100%| O|  |TAMS 0x00000000a9100000, 0x00000000a9100000| Untracked 
| 146|0x00000000a9200000, 0x00000000a9300000, 0x00000000a9300000|100%| O|  |TAMS 0x00000000a9200000, 0x00000000a9200000| Untracked 
| 147|0x00000000a9300000, 0x00000000a9400000, 0x00000000a9400000|100%| O|  |TAMS 0x00000000a9300000, 0x00000000a9300000| Untracked 
| 148|0x00000000a9400000, 0x00000000a941ba00, 0x00000000a9500000| 10%| O|  |TAMS 0x00000000a9400000, 0x00000000a9400000| Untracked 
| 149|0x00000000a9500000, 0x00000000a9500000, 0x00000000a9600000|  0%| F|  |TAMS 0x00000000a9500000, 0x00000000a9500000| Untracked 
| 150|0x00000000a9600000, 0x00000000a9600000, 0x00000000a9700000|  0%| F|  |TAMS 0x00000000a9600000, 0x00000000a9600000| Untracked 
| 151|0x00000000a9700000, 0x00000000a9700000, 0x00000000a9800000|  0%| F|  |TAMS 0x00000000a9700000, 0x00000000a9700000| Untracked 
| 152|0x00000000a9800000, 0x00000000a9800000, 0x00000000a9900000|  0%| F|  |TAMS 0x00000000a9800000, 0x00000000a9800000| Untracked 
| 153|0x00000000a9900000, 0x00000000a9900000, 0x00000000a9a00000|  0%| F|  |TAMS 0x00000000a9900000, 0x00000000a9900000| Untracked 
| 154|0x00000000a9a00000, 0x00000000a9a00000, 0x00000000a9b00000|  0%| F|  |TAMS 0x00000000a9a00000, 0x00000000a9a00000| Untracked 
| 155|0x00000000a9b00000, 0x00000000a9b00000, 0x00000000a9c00000|  0%| F|  |TAMS 0x00000000a9b00000, 0x00000000a9b00000| Untracked 
| 156|0x00000000a9c00000, 0x00000000a9c00000, 0x00000000a9d00000|  0%| F|  |TAMS 0x00000000a9c00000, 0x00000000a9c00000| Untracked 
| 157|0x00000000a9d00000, 0x00000000a9d00000, 0x00000000a9e00000|  0%| F|  |TAMS 0x00000000a9d00000, 0x00000000a9d00000| Untracked 
| 158|0x00000000a9e00000, 0x00000000a9e00000, 0x00000000a9f00000|  0%| F|  |TAMS 0x00000000a9e00000, 0x00000000a9e00000| Untracked 
| 159|0x00000000a9f00000, 0x00000000a9f00000, 0x00000000aa000000|  0%| F|  |TAMS 0x00000000a9f00000, 0x00000000a9f00000| Untracked 
| 160|0x00000000aa000000, 0x00000000aa000000, 0x00000000aa100000|  0%| F|  |TAMS 0x00000000aa000000, 0x00000000aa000000| Untracked 
| 161|0x00000000aa100000, 0x00000000aa100000, 0x00000000aa200000|  0%| F|  |TAMS 0x00000000aa100000, 0x00000000aa100000| Untracked 
| 162|0x00000000aa200000, 0x00000000aa200000, 0x00000000aa300000|  0%| F|  |TAMS 0x00000000aa200000, 0x00000000aa200000| Untracked 
| 163|0x00000000aa300000, 0x00000000aa300000, 0x00000000aa400000|  0%| F|  |TAMS 0x00000000aa300000, 0x00000000aa300000| Untracked 
| 164|0x00000000aa400000, 0x00000000aa400000, 0x00000000aa500000|  0%| F|  |TAMS 0x00000000aa400000, 0x00000000aa400000| Untracked 
| 165|0x00000000aa500000, 0x00000000aa500000, 0x00000000aa600000|  0%| F|  |TAMS 0x00000000aa500000, 0x00000000aa500000| Untracked 
| 166|0x00000000aa600000, 0x00000000aa600000, 0x00000000aa700000|  0%| F|  |TAMS 0x00000000aa600000, 0x00000000aa600000| Untracked 
| 167|0x00000000aa700000, 0x00000000aa700000, 0x00000000aa800000|  0%| F|  |TAMS 0x00000000aa700000, 0x00000000aa700000| Untracked 
| 168|0x00000000aa800000, 0x00000000aa800000, 0x00000000aa900000|  0%| F|  |TAMS 0x00000000aa800000, 0x00000000aa800000| Untracked 
| 169|0x00000000aa900000, 0x00000000aa900000, 0x00000000aaa00000|  0%| F|  |TAMS 0x00000000aa900000, 0x00000000aa900000| Untracked 
| 170|0x00000000aaa00000, 0x00000000aaa00000, 0x00000000aab00000|  0%| F|  |TAMS 0x00000000aaa00000, 0x00000000aaa00000| Untracked 
| 171|0x00000000aab00000, 0x00000000aab00000, 0x00000000aac00000|  0%| F|  |TAMS 0x00000000aab00000, 0x00000000aab00000| Untracked 
| 172|0x00000000aac00000, 0x00000000aac00000, 0x00000000aad00000|  0%| F|  |TAMS 0x00000000aac00000, 0x00000000aac00000| Untracked 
| 173|0x00000000aad00000, 0x00000000aad00000, 0x00000000aae00000|  0%| F|  |TAMS 0x00000000aad00000, 0x00000000aad00000| Untracked 
| 174|0x00000000aae00000, 0x00000000aae00000, 0x00000000aaf00000|  0%| F|  |TAMS 0x00000000aae00000, 0x00000000aae00000| Untracked 
| 175|0x00000000aaf00000, 0x00000000aaf00000, 0x00000000ab000000|  0%| F|  |TAMS 0x00000000aaf00000, 0x00000000aaf00000| Untracked 
| 176|0x00000000ab000000, 0x00000000ab000000, 0x00000000ab100000|  0%| F|  |TAMS 0x00000000ab000000, 0x00000000ab000000| Untracked 
| 177|0x00000000ab100000, 0x00000000ab100000, 0x00000000ab200000|  0%| F|  |TAMS 0x00000000ab100000, 0x00000000ab100000| Untracked 
| 178|0x00000000ab200000, 0x00000000ab200000, 0x00000000ab300000|  0%| F|  |TAMS 0x00000000ab200000, 0x00000000ab200000| Untracked 
| 179|0x00000000ab300000, 0x00000000ab300000, 0x00000000ab400000|  0%| F|  |TAMS 0x00000000ab300000, 0x00000000ab300000| Untracked 
| 180|0x00000000ab400000, 0x00000000ab400000, 0x00000000ab500000|  0%| F|  |TAMS 0x00000000ab400000, 0x00000000ab400000| Untracked 
| 181|0x00000000ab500000, 0x00000000ab500000, 0x00000000ab600000|  0%| F|  |TAMS 0x00000000ab500000, 0x00000000ab500000| Untracked 
| 182|0x00000000ab600000, 0x00000000ab600000, 0x00000000ab700000|  0%| F|  |TAMS 0x00000000ab600000, 0x00000000ab600000| Untracked 
| 183|0x00000000ab700000, 0x00000000ab700000, 0x00000000ab800000|  0%| F|  |TAMS 0x00000000ab700000, 0x00000000ab700000| Untracked 
| 184|0x00000000ab800000, 0x00000000ab800000, 0x00000000ab900000|  0%| F|  |TAMS 0x00000000ab800000, 0x00000000ab800000| Untracked 
| 185|0x00000000ab900000, 0x00000000ab900000, 0x00000000aba00000|  0%| F|  |TAMS 0x00000000ab900000, 0x00000000ab900000| Untracked 
| 186|0x00000000aba00000, 0x00000000aba00000, 0x00000000abb00000|  0%| F|  |TAMS 0x00000000aba00000, 0x00000000aba00000| Untracked 
| 187|0x00000000abb00000, 0x00000000abb00000, 0x00000000abc00000|  0%| F|  |TAMS 0x00000000abb00000, 0x00000000abb00000| Untracked 
| 188|0x00000000abc00000, 0x00000000abc00000, 0x00000000abd00000|  0%| F|  |TAMS 0x00000000abc00000, 0x00000000abc00000| Untracked 
| 189|0x00000000abd00000, 0x00000000abd00000, 0x00000000abe00000|  0%| F|  |TAMS 0x00000000abd00000, 0x00000000abd00000| Untracked 
| 190|0x00000000abe00000, 0x00000000abe00000, 0x00000000abf00000|  0%| F|  |TAMS 0x00000000abe00000, 0x00000000abe00000| Untracked 
| 191|0x00000000abf00000, 0x00000000abf00000, 0x00000000ac000000|  0%| F|  |TAMS 0x00000000abf00000, 0x00000000abf00000| Untracked 
| 192|0x00000000ac000000, 0x00000000ac000000, 0x00000000ac100000|  0%| F|  |TAMS 0x00000000ac000000, 0x00000000ac000000| Untracked 
| 193|0x00000000ac100000, 0x00000000ac100000, 0x00000000ac200000|  0%| F|  |TAMS 0x00000000ac100000, 0x00000000ac100000| Untracked 
| 194|0x00000000ac200000, 0x00000000ac200000, 0x00000000ac300000|  0%| F|  |TAMS 0x00000000ac200000, 0x00000000ac200000| Untracked 
| 195|0x00000000ac300000, 0x00000000ac300000, 0x00000000ac400000|  0%| F|  |TAMS 0x00000000ac300000, 0x00000000ac300000| Untracked 
| 196|0x00000000ac400000, 0x00000000ac400000, 0x00000000ac500000|  0%| F|  |TAMS 0x00000000ac400000, 0x00000000ac400000| Untracked 
| 197|0x00000000ac500000, 0x00000000ac500000, 0x00000000ac600000|  0%| F|  |TAMS 0x00000000ac500000, 0x00000000ac500000| Untracked 
| 198|0x00000000ac600000, 0x00000000ac600000, 0x00000000ac700000|  0%| F|  |TAMS 0x00000000ac600000, 0x00000000ac600000| Untracked 
| 199|0x00000000ac700000, 0x00000000ac700000, 0x00000000ac800000|  0%| F|  |TAMS 0x00000000ac700000, 0x00000000ac700000| Untracked 
| 200|0x00000000ac800000, 0x00000000ac800000, 0x00000000ac900000|  0%| F|  |TAMS 0x00000000ac800000, 0x00000000ac800000| Untracked 
| 201|0x00000000ac900000, 0x00000000ac900000, 0x00000000aca00000|  0%| F|  |TAMS 0x00000000ac900000, 0x00000000ac900000| Untracked 
| 202|0x00000000aca00000, 0x00000000aca00000, 0x00000000acb00000|  0%| F|  |TAMS 0x00000000aca00000, 0x00000000aca00000| Untracked 
| 203|0x00000000acb00000, 0x00000000acb00000, 0x00000000acc00000|  0%| F|  |TAMS 0x00000000acb00000, 0x00000000acb00000| Untracked 
| 204|0x00000000acc00000, 0x00000000acc00000, 0x00000000acd00000|  0%| F|  |TAMS 0x00000000acc00000, 0x00000000acc00000| Untracked 
| 205|0x00000000acd00000, 0x00000000acd00000, 0x00000000ace00000|  0%| F|  |TAMS 0x00000000acd00000, 0x00000000acd00000| Untracked 
| 206|0x00000000ace00000, 0x00000000ace00000, 0x00000000acf00000|  0%| F|  |TAMS 0x00000000ace00000, 0x00000000ace00000| Untracked 
| 207|0x00000000acf00000, 0x00000000acf00000, 0x00000000ad000000|  0%| F|  |TAMS 0x00000000acf00000, 0x00000000acf00000| Untracked 
| 208|0x00000000ad000000, 0x00000000ad000000, 0x00000000ad100000|  0%| F|  |TAMS 0x00000000ad000000, 0x00000000ad000000| Untracked 
| 209|0x00000000ad100000, 0x00000000ad100000, 0x00000000ad200000|  0%| F|  |TAMS 0x00000000ad100000, 0x00000000ad100000| Untracked 
| 210|0x00000000ad200000, 0x00000000ad200000, 0x00000000ad300000|  0%| F|  |TAMS 0x00000000ad200000, 0x00000000ad200000| Untracked 
| 211|0x00000000ad300000, 0x00000000ad300000, 0x00000000ad400000|  0%| F|  |TAMS 0x00000000ad300000, 0x00000000ad300000| Untracked 
| 212|0x00000000ad400000, 0x00000000ad400000, 0x00000000ad500000|  0%| F|  |TAMS 0x00000000ad400000, 0x00000000ad400000| Untracked 
| 213|0x00000000ad500000, 0x00000000ad500000, 0x00000000ad600000|  0%| F|  |TAMS 0x00000000ad500000, 0x00000000ad500000| Untracked 
| 214|0x00000000ad600000, 0x00000000ad600000, 0x00000000ad700000|  0%| F|  |TAMS 0x00000000ad600000, 0x00000000ad600000| Untracked 
| 215|0x00000000ad700000, 0x00000000ad700000, 0x00000000ad800000|  0%| F|  |TAMS 0x00000000ad700000, 0x00000000ad700000| Untracked 
| 216|0x00000000ad800000, 0x00000000ad800000, 0x00000000ad900000|  0%| F|  |TAMS 0x00000000ad800000, 0x00000000ad800000| Untracked 
| 217|0x00000000ad900000, 0x00000000ad900000, 0x00000000ada00000|  0%| F|  |TAMS 0x00000000ad900000, 0x00000000ad900000| Untracked 
| 218|0x00000000ada00000, 0x00000000ada00000, 0x00000000adb00000|  0%| F|  |TAMS 0x00000000ada00000, 0x00000000ada00000| Untracked 
| 219|0x00000000adb00000, 0x00000000adb00000, 0x00000000adc00000|  0%| F|  |TAMS 0x00000000adb00000, 0x00000000adb00000| Untracked 
| 220|0x00000000adc00000, 0x00000000adc00000, 0x00000000add00000|  0%| F|  |TAMS 0x00000000adc00000, 0x00000000adc00000| Untracked 
| 221|0x00000000add00000, 0x00000000add00000, 0x00000000ade00000|  0%| F|  |TAMS 0x00000000add00000, 0x00000000add00000| Untracked 
| 222|0x00000000ade00000, 0x00000000ade00000, 0x00000000adf00000|  0%| F|  |TAMS 0x00000000ade00000, 0x00000000ade00000| Untracked 
| 223|0x00000000adf00000, 0x00000000adf00000, 0x00000000ae000000|  0%| F|  |TAMS 0x00000000adf00000, 0x00000000adf00000| Untracked 
| 224|0x00000000ae000000, 0x00000000ae000000, 0x00000000ae100000|  0%| F|  |TAMS 0x00000000ae000000, 0x00000000ae000000| Untracked 
| 225|0x00000000ae100000, 0x00000000ae100000, 0x00000000ae200000|  0%| F|  |TAMS 0x00000000ae100000, 0x00000000ae100000| Untracked 
| 226|0x00000000ae200000, 0x00000000ae200000, 0x00000000ae300000|  0%| F|  |TAMS 0x00000000ae200000, 0x00000000ae200000| Untracked 
| 227|0x00000000ae300000, 0x00000000ae300000, 0x00000000ae400000|  0%| F|  |TAMS 0x00000000ae300000, 0x00000000ae300000| Untracked 
| 228|0x00000000ae400000, 0x00000000ae400000, 0x00000000ae500000|  0%| F|  |TAMS 0x00000000ae400000, 0x00000000ae400000| Untracked 
| 229|0x00000000ae500000, 0x00000000ae500000, 0x00000000ae600000|  0%| F|  |TAMS 0x00000000ae500000, 0x00000000ae500000| Untracked 
| 230|0x00000000ae600000, 0x00000000ae600000, 0x00000000ae700000|  0%| F|  |TAMS 0x00000000ae600000, 0x00000000ae600000| Untracked 
| 231|0x00000000ae700000, 0x00000000ae700000, 0x00000000ae800000|  0%| F|  |TAMS 0x00000000ae700000, 0x00000000ae700000| Untracked 
| 232|0x00000000ae800000, 0x00000000ae800000, 0x00000000ae900000|  0%| F|  |TAMS 0x00000000ae800000, 0x00000000ae800000| Untracked 
| 233|0x00000000ae900000, 0x00000000ae900000, 0x00000000aea00000|  0%| F|  |TAMS 0x00000000ae900000, 0x00000000ae900000| Untracked 
| 234|0x00000000aea00000, 0x00000000aea00000, 0x00000000aeb00000|  0%| F|  |TAMS 0x00000000aea00000, 0x00000000aea00000| Untracked 
| 235|0x00000000aeb00000, 0x00000000aeb00000, 0x00000000aec00000|  0%| F|  |TAMS 0x00000000aeb00000, 0x00000000aeb00000| Untracked 
| 236|0x00000000aec00000, 0x00000000aec00000, 0x00000000aed00000|  0%| F|  |TAMS 0x00000000aec00000, 0x00000000aec00000| Untracked 
| 237|0x00000000aed00000, 0x00000000aed00000, 0x00000000aee00000|  0%| F|  |TAMS 0x00000000aed00000, 0x00000000aed00000| Untracked 
| 238|0x00000000aee00000, 0x00000000aee00000, 0x00000000aef00000|  0%| F|  |TAMS 0x00000000aee00000, 0x00000000aee00000| Untracked 
| 239|0x00000000aef00000, 0x00000000aef00000, 0x00000000af000000|  0%| F|  |TAMS 0x00000000aef00000, 0x00000000aef00000| Untracked 
| 240|0x00000000af000000, 0x00000000af000000, 0x00000000af100000|  0%| F|  |TAMS 0x00000000af000000, 0x00000000af000000| Untracked 
| 241|0x00000000af100000, 0x00000000af100000, 0x00000000af200000|  0%| F|  |TAMS 0x00000000af100000, 0x00000000af100000| Untracked 
| 242|0x00000000af200000, 0x00000000af200000, 0x00000000af300000|  0%| F|  |TAMS 0x00000000af200000, 0x00000000af200000| Untracked 
| 243|0x00000000af300000, 0x00000000af300000, 0x00000000af400000|  0%| F|  |TAMS 0x00000000af300000, 0x00000000af300000| Untracked 
| 244|0x00000000af400000, 0x00000000af400000, 0x00000000af500000|  0%| F|  |TAMS 0x00000000af400000, 0x00000000af400000| Untracked 
| 245|0x00000000af500000, 0x00000000af500000, 0x00000000af600000|  0%| F|  |TAMS 0x00000000af500000, 0x00000000af500000| Untracked 
| 246|0x00000000af600000, 0x00000000af600000, 0x00000000af700000|  0%| F|  |TAMS 0x00000000af600000, 0x00000000af600000| Untracked 
| 247|0x00000000af700000, 0x00000000af700000, 0x00000000af800000|  0%| F|  |TAMS 0x00000000af700000, 0x00000000af700000| Untracked 
| 248|0x00000000af800000, 0x00000000af800000, 0x00000000af900000|  0%| F|  |TAMS 0x00000000af800000, 0x00000000af800000| Untracked 
| 249|0x00000000af900000, 0x00000000af900000, 0x00000000afa00000|  0%| F|  |TAMS 0x00000000af900000, 0x00000000af900000| Untracked 
| 250|0x00000000afa00000, 0x00000000afa00000, 0x00000000afb00000|  0%| F|  |TAMS 0x00000000afa00000, 0x00000000afa00000| Untracked 
| 251|0x00000000afb00000, 0x00000000afb00000, 0x00000000afc00000|  0%| F|  |TAMS 0x00000000afb00000, 0x00000000afb00000| Untracked 
| 252|0x00000000afc00000, 0x00000000afc00000, 0x00000000afd00000|  0%| F|  |TAMS 0x00000000afc00000, 0x00000000afc00000| Untracked 
| 253|0x00000000afd00000, 0x00000000afd00000, 0x00000000afe00000|  0%| F|  |TAMS 0x00000000afd00000, 0x00000000afd00000| Untracked 
| 254|0x00000000afe00000, 0x00000000afe00000, 0x00000000aff00000|  0%| F|  |TAMS 0x00000000afe00000, 0x00000000afe00000| Untracked 
| 255|0x00000000aff00000, 0x00000000aff00000, 0x00000000b0000000|  0%| F|  |TAMS 0x00000000aff00000, 0x00000000aff00000| Untracked 
| 256|0x00000000b0000000, 0x00000000b0000000, 0x00000000b0100000|  0%| F|  |TAMS 0x00000000b0000000, 0x00000000b0000000| Untracked 
| 257|0x00000000b0100000, 0x00000000b0100000, 0x00000000b0200000|  0%| F|  |TAMS 0x00000000b0100000, 0x00000000b0100000| Untracked 
| 258|0x00000000b0200000, 0x00000000b0200000, 0x00000000b0300000|  0%| F|  |TAMS 0x00000000b0200000, 0x00000000b0200000| Untracked 
| 259|0x00000000b0300000, 0x00000000b0300000, 0x00000000b0400000|  0%| F|  |TAMS 0x00000000b0300000, 0x00000000b0300000| Untracked 
| 260|0x00000000b0400000, 0x00000000b0400000, 0x00000000b0500000|  0%| F|  |TAMS 0x00000000b0400000, 0x00000000b0400000| Untracked 
| 261|0x00000000b0500000, 0x00000000b0500000, 0x00000000b0600000|  0%| F|  |TAMS 0x00000000b0500000, 0x00000000b0500000| Untracked 
| 262|0x00000000b0600000, 0x00000000b0600000, 0x00000000b0700000|  0%| F|  |TAMS 0x00000000b0600000, 0x00000000b0600000| Untracked 
| 263|0x00000000b0700000, 0x00000000b0700000, 0x00000000b0800000|  0%| F|  |TAMS 0x00000000b0700000, 0x00000000b0700000| Untracked 
| 264|0x00000000b0800000, 0x00000000b0800000, 0x00000000b0900000|  0%| F|  |TAMS 0x00000000b0800000, 0x00000000b0800000| Untracked 
| 265|0x00000000b0900000, 0x00000000b0900000, 0x00000000b0a00000|  0%| F|  |TAMS 0x00000000b0900000, 0x00000000b0900000| Untracked 
| 266|0x00000000b0a00000, 0x00000000b0a00000, 0x00000000b0b00000|  0%| F|  |TAMS 0x00000000b0a00000, 0x00000000b0a00000| Untracked 
| 267|0x00000000b0b00000, 0x00000000b0b00000, 0x00000000b0c00000|  0%| F|  |TAMS 0x00000000b0b00000, 0x00000000b0b00000| Untracked 
| 268|0x00000000b0c00000, 0x00000000b0c00000, 0x00000000b0d00000|  0%| F|  |TAMS 0x00000000b0c00000, 0x00000000b0c00000| Untracked 
| 269|0x00000000b0d00000, 0x00000000b0d00000, 0x00000000b0e00000|  0%| F|  |TAMS 0x00000000b0d00000, 0x00000000b0d00000| Untracked 
| 270|0x00000000b0e00000, 0x00000000b0e00000, 0x00000000b0f00000|  0%| F|  |TAMS 0x00000000b0e00000, 0x00000000b0e00000| Untracked 
| 271|0x00000000b0f00000, 0x00000000b0f00000, 0x00000000b1000000|  0%| F|  |TAMS 0x00000000b0f00000, 0x00000000b0f00000| Untracked 
| 272|0x00000000b1000000, 0x00000000b1000000, 0x00000000b1100000|  0%| F|  |TAMS 0x00000000b1000000, 0x00000000b1000000| Untracked 
| 273|0x00000000b1100000, 0x00000000b1100000, 0x00000000b1200000|  0%| F|  |TAMS 0x00000000b1100000, 0x00000000b1100000| Untracked 
| 274|0x00000000b1200000, 0x00000000b1200000, 0x00000000b1300000|  0%| F|  |TAMS 0x00000000b1200000, 0x00000000b1200000| Untracked 
| 275|0x00000000b1300000, 0x00000000b1300000, 0x00000000b1400000|  0%| F|  |TAMS 0x00000000b1300000, 0x00000000b1300000| Untracked 
| 276|0x00000000b1400000, 0x00000000b1400000, 0x00000000b1500000|  0%| F|  |TAMS 0x00000000b1400000, 0x00000000b1400000| Untracked 
| 277|0x00000000b1500000, 0x00000000b1500000, 0x00000000b1600000|  0%| F|  |TAMS 0x00000000b1500000, 0x00000000b1500000| Untracked 
| 278|0x00000000b1600000, 0x00000000b1600000, 0x00000000b1700000|  0%| F|  |TAMS 0x00000000b1600000, 0x00000000b1600000| Untracked 
| 279|0x00000000b1700000, 0x00000000b1700000, 0x00000000b1800000|  0%| F|  |TAMS 0x00000000b1700000, 0x00000000b1700000| Untracked 
| 280|0x00000000b1800000, 0x00000000b1800000, 0x00000000b1900000|  0%| F|  |TAMS 0x00000000b1800000, 0x00000000b1800000| Untracked 
| 281|0x00000000b1900000, 0x00000000b1900000, 0x00000000b1a00000|  0%| F|  |TAMS 0x00000000b1900000, 0x00000000b1900000| Untracked 
| 282|0x00000000b1a00000, 0x00000000b1a00000, 0x00000000b1b00000|  0%| F|  |TAMS 0x00000000b1a00000, 0x00000000b1a00000| Untracked 
| 283|0x00000000b1b00000, 0x00000000b1b00000, 0x00000000b1c00000|  0%| F|  |TAMS 0x00000000b1b00000, 0x00000000b1b00000| Untracked 
| 284|0x00000000b1c00000, 0x00000000b1c00000, 0x00000000b1d00000|  0%| F|  |TAMS 0x00000000b1c00000, 0x00000000b1c00000| Untracked 
| 285|0x00000000b1d00000, 0x00000000b1d00000, 0x00000000b1e00000|  0%| F|  |TAMS 0x00000000b1d00000, 0x00000000b1d00000| Untracked 
| 286|0x00000000b1e00000, 0x00000000b1e00000, 0x00000000b1f00000|  0%| F|  |TAMS 0x00000000b1e00000, 0x00000000b1e00000| Untracked 
| 287|0x00000000b1f00000, 0x00000000b1f00000, 0x00000000b2000000|  0%| F|  |TAMS 0x00000000b1f00000, 0x00000000b1f00000| Untracked 
| 288|0x00000000b2000000, 0x00000000b2000000, 0x00000000b2100000|  0%| F|  |TAMS 0x00000000b2000000, 0x00000000b2000000| Untracked 
| 289|0x00000000b2100000, 0x00000000b2100000, 0x00000000b2200000|  0%| F|  |TAMS 0x00000000b2100000, 0x00000000b2100000| Untracked 
| 290|0x00000000b2200000, 0x00000000b2200000, 0x00000000b2300000|  0%| F|  |TAMS 0x00000000b2200000, 0x00000000b2200000| Untracked 
| 291|0x00000000b2300000, 0x00000000b2300000, 0x00000000b2400000|  0%| F|  |TAMS 0x00000000b2300000, 0x00000000b2300000| Untracked 
| 292|0x00000000b2400000, 0x00000000b2400000, 0x00000000b2500000|  0%| F|  |TAMS 0x00000000b2400000, 0x00000000b2400000| Untracked 
| 293|0x00000000b2500000, 0x00000000b2500000, 0x00000000b2600000|  0%| F|  |TAMS 0x00000000b2500000, 0x00000000b2500000| Untracked 
| 294|0x00000000b2600000, 0x00000000b2600000, 0x00000000b2700000|  0%| F|  |TAMS 0x00000000b2600000, 0x00000000b2600000| Untracked 
| 295|0x00000000b2700000, 0x00000000b2700000, 0x00000000b2800000|  0%| F|  |TAMS 0x00000000b2700000, 0x00000000b2700000| Untracked 
| 296|0x00000000b2800000, 0x00000000b2800000, 0x00000000b2900000|  0%| F|  |TAMS 0x00000000b2800000, 0x00000000b2800000| Untracked 
| 297|0x00000000b2900000, 0x00000000b2900000, 0x00000000b2a00000|  0%| F|  |TAMS 0x00000000b2900000, 0x00000000b2900000| Untracked 
| 298|0x00000000b2a00000, 0x00000000b2a00000, 0x00000000b2b00000|  0%| F|  |TAMS 0x00000000b2a00000, 0x00000000b2a00000| Untracked 
| 299|0x00000000b2b00000, 0x00000000b2b00000, 0x00000000b2c00000|  0%| F|  |TAMS 0x00000000b2b00000, 0x00000000b2b00000| Untracked 
| 300|0x00000000b2c00000, 0x00000000b2c00000, 0x00000000b2d00000|  0%| F|  |TAMS 0x00000000b2c00000, 0x00000000b2c00000| Untracked 
| 301|0x00000000b2d00000, 0x00000000b2d00000, 0x00000000b2e00000|  0%| F|  |TAMS 0x00000000b2d00000, 0x00000000b2d00000| Untracked 
| 302|0x00000000b2e00000, 0x00000000b2e00000, 0x00000000b2f00000|  0%| F|  |TAMS 0x00000000b2e00000, 0x00000000b2e00000| Untracked 
| 303|0x00000000b2f00000, 0x00000000b2f00000, 0x00000000b3000000|  0%| F|  |TAMS 0x00000000b2f00000, 0x00000000b2f00000| Untracked 
| 304|0x00000000b3000000, 0x00000000b3000000, 0x00000000b3100000|  0%| F|  |TAMS 0x00000000b3000000, 0x00000000b3000000| Untracked 
| 305|0x00000000b3100000, 0x00000000b3100000, 0x00000000b3200000|  0%| F|  |TAMS 0x00000000b3100000, 0x00000000b3100000| Untracked 
| 306|0x00000000b3200000, 0x00000000b3200000, 0x00000000b3300000|  0%| F|  |TAMS 0x00000000b3200000, 0x00000000b3200000| Untracked 
| 307|0x00000000b3300000, 0x00000000b3300000, 0x00000000b3400000|  0%| F|  |TAMS 0x00000000b3300000, 0x00000000b3300000| Untracked 
| 308|0x00000000b3400000, 0x00000000b3400000, 0x00000000b3500000|  0%| F|  |TAMS 0x00000000b3400000, 0x00000000b3400000| Untracked 
| 309|0x00000000b3500000, 0x00000000b3500000, 0x00000000b3600000|  0%| F|  |TAMS 0x00000000b3500000, 0x00000000b3500000| Untracked 
| 310|0x00000000b3600000, 0x00000000b3600000, 0x00000000b3700000|  0%| F|  |TAMS 0x00000000b3600000, 0x00000000b3600000| Untracked 
| 311|0x00000000b3700000, 0x00000000b3700000, 0x00000000b3800000|  0%| F|  |TAMS 0x00000000b3700000, 0x00000000b3700000| Untracked 
| 312|0x00000000b3800000, 0x00000000b3800000, 0x00000000b3900000|  0%| F|  |TAMS 0x00000000b3800000, 0x00000000b3800000| Untracked 
| 313|0x00000000b3900000, 0x00000000b3900000, 0x00000000b3a00000|  0%| F|  |TAMS 0x00000000b3900000, 0x00000000b3900000| Untracked 
| 314|0x00000000b3a00000, 0x00000000b3a00000, 0x00000000b3b00000|  0%| F|  |TAMS 0x00000000b3a00000, 0x00000000b3a00000| Untracked 
| 315|0x00000000b3b00000, 0x00000000b3b00000, 0x00000000b3c00000|  0%| F|  |TAMS 0x00000000b3b00000, 0x00000000b3b00000| Untracked 
| 316|0x00000000b3c00000, 0x00000000b3c00000, 0x00000000b3d00000|  0%| F|  |TAMS 0x00000000b3c00000, 0x00000000b3c00000| Untracked 
| 317|0x00000000b3d00000, 0x00000000b3d00000, 0x00000000b3e00000|  0%| F|  |TAMS 0x00000000b3d00000, 0x00000000b3d00000| Untracked 
| 318|0x00000000b3e00000, 0x00000000b3e00000, 0x00000000b3f00000|  0%| F|  |TAMS 0x00000000b3e00000, 0x00000000b3e00000| Untracked 
| 319|0x00000000b3f00000, 0x00000000b3f00000, 0x00000000b4000000|  0%| F|  |TAMS 0x00000000b3f00000, 0x00000000b3f00000| Untracked 
| 320|0x00000000b4000000, 0x00000000b4000000, 0x00000000b4100000|  0%| F|  |TAMS 0x00000000b4000000, 0x00000000b4000000| Untracked 
| 321|0x00000000b4100000, 0x00000000b4100000, 0x00000000b4200000|  0%| F|  |TAMS 0x00000000b4100000, 0x00000000b4100000| Untracked 
| 322|0x00000000b4200000, 0x00000000b4200000, 0x00000000b4300000|  0%| F|  |TAMS 0x00000000b4200000, 0x00000000b4200000| Untracked 
| 323|0x00000000b4300000, 0x00000000b4300000, 0x00000000b4400000|  0%| F|  |TAMS 0x00000000b4300000, 0x00000000b4300000| Untracked 
| 324|0x00000000b4400000, 0x00000000b4400000, 0x00000000b4500000|  0%| F|  |TAMS 0x00000000b4400000, 0x00000000b4400000| Untracked 
| 325|0x00000000b4500000, 0x00000000b4500000, 0x00000000b4600000|  0%| F|  |TAMS 0x00000000b4500000, 0x00000000b4500000| Untracked 
| 326|0x00000000b4600000, 0x00000000b4600000, 0x00000000b4700000|  0%| F|  |TAMS 0x00000000b4600000, 0x00000000b4600000| Untracked 
| 327|0x00000000b4700000, 0x00000000b4700000, 0x00000000b4800000|  0%| F|  |TAMS 0x00000000b4700000, 0x00000000b4700000| Untracked 
| 328|0x00000000b4800000, 0x00000000b4800000, 0x00000000b4900000|  0%| F|  |TAMS 0x00000000b4800000, 0x00000000b4800000| Untracked 
| 329|0x00000000b4900000, 0x00000000b4900000, 0x00000000b4a00000|  0%| F|  |TAMS 0x00000000b4900000, 0x00000000b4900000| Untracked 
| 330|0x00000000b4a00000, 0x00000000b4a00000, 0x00000000b4b00000|  0%| F|  |TAMS 0x00000000b4a00000, 0x00000000b4a00000| Untracked 
| 331|0x00000000b4b00000, 0x00000000b4b00000, 0x00000000b4c00000|  0%| F|  |TAMS 0x00000000b4b00000, 0x00000000b4b00000| Untracked 
| 332|0x00000000b4c00000, 0x00000000b4c00000, 0x00000000b4d00000|  0%| F|  |TAMS 0x00000000b4c00000, 0x00000000b4c00000| Untracked 
| 333|0x00000000b4d00000, 0x00000000b4d00000, 0x00000000b4e00000|  0%| F|  |TAMS 0x00000000b4d00000, 0x00000000b4d00000| Untracked 
| 334|0x00000000b4e00000, 0x00000000b4e00000, 0x00000000b4f00000|  0%| F|  |TAMS 0x00000000b4e00000, 0x00000000b4e00000| Untracked 
| 335|0x00000000b4f00000, 0x00000000b4f00000, 0x00000000b5000000|  0%| F|  |TAMS 0x00000000b4f00000, 0x00000000b4f00000| Untracked 
| 336|0x00000000b5000000, 0x00000000b5088220, 0x00000000b5100000| 53%| S|CS|TAMS 0x00000000b5000000, 0x00000000b5000000| Complete 
| 337|0x00000000b5100000, 0x00000000b5100000, 0x00000000b5200000|  0%| F|  |TAMS 0x00000000b5100000, 0x00000000b5100000| Untracked 
| 338|0x00000000b5200000, 0x00000000b5200000, 0x00000000b5300000|  0%| F|  |TAMS 0x00000000b5200000, 0x00000000b5200000| Untracked 
| 339|0x00000000b5300000, 0x00000000b5300000, 0x00000000b5400000|  0%| F|  |TAMS 0x00000000b5300000, 0x00000000b5300000| Untracked 
| 340|0x00000000b5400000, 0x00000000b5400000, 0x00000000b5500000|  0%| F|  |TAMS 0x00000000b5400000, 0x00000000b5400000| Untracked 
| 341|0x00000000b5500000, 0x00000000b5500000, 0x00000000b5600000|  0%| F|  |TAMS 0x00000000b5500000, 0x00000000b5500000| Untracked 
| 342|0x00000000b5600000, 0x00000000b5600000, 0x00000000b5700000|  0%| F|  |TAMS 0x00000000b5600000, 0x00000000b5600000| Untracked 
| 343|0x00000000b5700000, 0x00000000b5700000, 0x00000000b5800000|  0%| F|  |TAMS 0x00000000b5700000, 0x00000000b5700000| Untracked 
| 344|0x00000000b5800000, 0x00000000b5800000, 0x00000000b5900000|  0%| F|  |TAMS 0x00000000b5800000, 0x00000000b5800000| Untracked 
| 345|0x00000000b5900000, 0x00000000b5900000, 0x00000000b5a00000|  0%| F|  |TAMS 0x00000000b5900000, 0x00000000b5900000| Untracked 
| 346|0x00000000b5a00000, 0x00000000b5a00000, 0x00000000b5b00000|  0%| F|  |TAMS 0x00000000b5a00000, 0x00000000b5a00000| Untracked 
| 347|0x00000000b5b00000, 0x00000000b5b00000, 0x00000000b5c00000|  0%| F|  |TAMS 0x00000000b5b00000, 0x00000000b5b00000| Untracked 
| 348|0x00000000b5c00000, 0x00000000b5c00000, 0x00000000b5d00000|  0%| F|  |TAMS 0x00000000b5c00000, 0x00000000b5c00000| Untracked 
| 349|0x00000000b5d00000, 0x00000000b5d00000, 0x00000000b5e00000|  0%| F|  |TAMS 0x00000000b5d00000, 0x00000000b5d00000| Untracked 
| 350|0x00000000b5e00000, 0x00000000b5e00000, 0x00000000b5f00000|  0%| F|  |TAMS 0x00000000b5e00000, 0x00000000b5e00000| Untracked 
| 351|0x00000000b5f00000, 0x00000000b5f00000, 0x00000000b6000000|  0%| F|  |TAMS 0x00000000b5f00000, 0x00000000b5f00000| Untracked 
| 352|0x00000000b6000000, 0x00000000b6000000, 0x00000000b6100000|  0%| F|  |TAMS 0x00000000b6000000, 0x00000000b6000000| Untracked 
| 353|0x00000000b6100000, 0x00000000b6100000, 0x00000000b6200000|  0%| F|  |TAMS 0x00000000b6100000, 0x00000000b6100000| Untracked 

Card table byte_map: [0x000001ce15270000,0x000001ce15570000] _byte_map_base: 0x000001ce14d70000

Marking Bits (Prev, Next): (CMBitMap*) 0x000001ce02626b08, (CMBitMap*) 0x000001ce02626b40
 Prev Bits: [0x000001ce15870000, 0x000001ce17070000)
 Next Bits: [0x000001ce17070000, 0x000001ce18870000)

Polling page: 0x000001ce00670000

Metaspace:

Usage:
  Non-class:    129.77 MB capacity,   127.78 MB ( 98%) used,     1.64 MB (  1%) free+waste,   351.44 KB ( <1%) overhead. 
      Class:     18.61 MB capacity,    17.59 MB ( 95%) used,   894.05 KB (  5%) free+waste,   148.31 KB ( <1%) overhead. 
       Both:    148.38 MB capacity,   145.38 MB ( 98%) used,     2.52 MB (  2%) free+waste,   499.75 KB ( <1%) overhead. 

Virtual space:
  Non-class space:      130.00 MB reserved,     130.00 MB (100%) committed 
      Class space:        1.00 GB reserved,      18.63 MB (  2%) committed 
             Both:        1.13 GB reserved,     148.63 MB ( 13%) committed 

Chunk freelists:
   Non-Class:  44.00 KB
       Class:  0 bytes
        Both:  44.00 KB

MaxMetaspaceSize: 17179869184.00 GB
CompressedClassSpaceSize: 1.00 GB

CodeHeap 'non-profiled nmethods': size=120064Kb used=13296Kb max_used=13296Kb free=106767Kb
 bounds [0x000001ce0da30000, 0x000001ce0e740000, 0x000001ce14f70000]
CodeHeap 'profiled nmethods': size=120000Kb used=48200Kb max_used=48200Kb free=71799Kb
 bounds [0x000001ce06500000, 0x000001ce09450000, 0x000001ce0da30000]
CodeHeap 'non-nmethods': size=5696Kb used=2369Kb max_used=2414Kb free=3326Kb
 bounds [0x000001ce05f70000, 0x000001ce061e0000, 0x000001ce06500000]
 total_blobs=21173 nmethods=20154 adapters=929
 compilation: enabled
              stopped_count=0, restarted_count=0
 full_count=0

Compilation events (20 events):
Event: 2613.003 Thread 0x000001ce1b57b800 25665       2       com.android.tools.r8.ir.code.ArrayPut::a (267 bytes)
Event: 2613.009 Thread 0x000001ce1b57b800 nmethod 25665 0x000001ce09444410 code [0x000001ce09444780, 0x000001ce09445698]
Event: 2613.487 Thread 0x000001ce1b57b800 25666       2       com.android.tools.r8.ir.analysis.g.e::b (521 bytes)
Event: 2613.501 Thread 0x000001ce1b57b800 nmethod 25666 0x000001ce09446010 code [0x000001ce09446540, 0x000001ce09447bc8]
Event: 2613.502 Thread 0x000001ce1b57b800 25667       3       java.util.HashMap::containsValue (89 bytes)
Event: 2613.503 Thread 0x000001ce1b57b800 nmethod 25667 0x000001ce09448a90 code [0x000001ce09448c80, 0x000001ce09449128]
Event: 2613.514 Thread 0x000001ce1b57b800 25669 %     3       com.android.tools.r8.ir.code.Instruction::b @ 2 (53 bytes)
Event: 2613.516 Thread 0x000001ce1b57b800 nmethod 25669% 0x000001ce09449310 code [0x000001ce09449520, 0x000001ce09449d18]
Event: 2613.575 Thread 0x000001ce1b57b800 25671       2       com.android.tools.r8.ir.code.BasicBlock::o (55 bytes)
Event: 2613.578 Thread 0x000001ce1b57b800 nmethod 25671 0x000001ce09449f90 code [0x000001ce0944a1e0, 0x000001ce0944a7e8]
Event: 2613.597 Thread 0x000001ce1b57b800 25672       2       com.android.tools.r8.ir.code.Return::I1 (32 bytes)
Event: 2613.598 Thread 0x000001ce1b57b800 nmethod 25672 0x000001ce0944ab10 code [0x000001ce0944ace0, 0x000001ce0944ae18]
Event: 2613.628 Thread 0x000001ce1b57b800 25673       2       com.android.tools.r8.ir.code.Phi::a (427 bytes)
Event: 2613.641 Thread 0x000001ce1b57b800 nmethod 25673 0x000001ce0944af10 code [0x000001ce0944b4a0, 0x000001ce0944d228]
Event: 2613.641 Thread 0x000001ce1b57b800 25674       2       com.android.tools.r8.ir.conversion.g0::a (18 bytes)
Event: 2613.642 Thread 0x000001ce1b57b800 nmethod 25674 0x000001ce0944e410 code [0x000001ce0944e5e0, 0x000001ce0944e718]
Event: 2613.653 Thread 0x000001ce1b57b800 25675       2       com.android.tools.r8.code.AddIntLit8::<init> (8 bytes)
Event: 2613.654 Thread 0x000001ce1b57b800 nmethod 25675 0x000001ce0944e810 code [0x000001ce0944e9c0, 0x000001ce0944eac8]
Event: 2613.656 Thread 0x000001ce1b57b800 25676       2       java.util.TimSort::sort (229 bytes)
Event: 2613.659 Thread 0x000001ce1b57b800 nmethod 25676 0x000001ce0944eb90 code [0x000001ce0944edc0, 0x000001ce0944f258]

GC Heap History (20 events):
Event: 2605.258 GC heap after
{Heap after GC invocations=256 (full 0):
 garbage-first heap   total 362496K, used 144107K [0x00000000a0000000, 0x0000000100000000)
  region size 1024K, 1 young (1024K), 1 survivors (1024K)
 Metaspace       used 148641K, capacity 151686K, committed 151936K, reserved 1181696K
  class space    used 18005K, capacity 19040K, committed 19072K, reserved 1048576K
}
Event: 2605.626 GC heap before
{Heap before GC invocations=256 (full 0):
 garbage-first heap   total 362496K, used 160491K [0x00000000a0000000, 0x0000000100000000)
  region size 1024K, 18 young (18432K), 1 survivors (1024K)
 Metaspace       used 148657K, capacity 151687K, committed 151936K, reserved 1181696K
  class space    used 18005K, capacity 19040K, committed 19072K, reserved 1048576K
}
Event: 2605.634 GC heap after
{Heap after GC invocations=257 (full 0):
 garbage-first heap   total 362496K, used 144660K [0x00000000a0000000, 0x0000000100000000)
  region size 1024K, 2 young (2048K), 2 survivors (2048K)
 Metaspace       used 148657K, capacity 151687K, committed 151936K, reserved 1181696K
  class space    used 18005K, capacity 19040K, committed 19072K, reserved 1048576K
}
Event: 2606.148 GC heap before
{Heap before GC invocations=257 (full 0):
 garbage-first heap   total 362496K, used 163092K [0x00000000a0000000, 0x0000000100000000)
  region size 1024K, 21 young (21504K), 2 survivors (2048K)
 Metaspace       used 148675K, capacity 151693K, committed 151936K, reserved 1181696K
  class space    used 18007K, capacity 19042K, committed 19072K, reserved 1048576K
}
Event: 2606.176 GC heap after
{Heap after GC invocations=258 (full 0):
 garbage-first heap   total 362496K, used 144444K [0x00000000a0000000, 0x0000000100000000)
  region size 1024K, 2 young (2048K), 2 survivors (2048K)
 Metaspace       used 148675K, capacity 151693K, committed 151936K, reserved 1181696K
  class space    used 18007K, capacity 19042K, committed 19072K, reserved 1048576K
}
Event: 2606.684 GC heap before
{Heap before GC invocations=258 (full 0):
 garbage-first heap   total 362496K, used 166972K [0x00000000a0000000, 0x0000000100000000)
  region size 1024K, 24 young (24576K), 2 survivors (2048K)
 Metaspace       used 148733K, capacity 151770K, committed 151936K, reserved 1181696K
  class space    used 18009K, capacity 19047K, committed 19072K, reserved 1048576K
}
Event: 2606.720 GC heap after
{Heap after GC invocations=259 (full 0):
 garbage-first heap   total 362496K, used 145806K [0x00000000a0000000, 0x0000000100000000)
  region size 1024K, 3 young (3072K), 3 survivors (3072K)
 Metaspace       used 148733K, capacity 151770K, committed 151936K, reserved 1181696K
  class space    used 18009K, capacity 19047K, committed 19072K, reserved 1048576K
}
Event: 2607.179 GC heap before
{Heap before GC invocations=259 (full 0):
 garbage-first heap   total 362496K, used 170382K [0x00000000a0000000, 0x0000000100000000)
  region size 1024K, 28 young (28672K), 3 survivors (3072K)
 Metaspace       used 148772K, capacity 151787K, committed 151936K, reserved 1181696K
  class space    used 18013K, capacity 19053K, committed 19072K, reserved 1048576K
}
Event: 2607.222 GC heap after
{Heap after GC invocations=260 (full 0):
 garbage-first heap   total 362496K, used 145229K [0x00000000a0000000, 0x0000000100000000)
  region size 1024K, 2 young (2048K), 2 survivors (2048K)
 Metaspace       used 148772K, capacity 151787K, committed 151936K, reserved 1181696K
  class space    used 18013K, capacity 19053K, committed 19072K, reserved 1048576K
}
Event: 2607.868 GC heap before
{Heap before GC invocations=260 (full 0):
 garbage-first heap   total 362496K, used 174925K [0x00000000a0000000, 0x0000000100000000)
  region size 1024K, 31 young (31744K), 2 survivors (2048K)
 Metaspace       used 148795K, capacity 151866K, committed 151936K, reserved 1181696K
  class space    used 18015K, capacity 19057K, committed 19072K, reserved 1048576K
}
Event: 2607.907 GC heap after
{Heap after GC invocations=261 (full 0):
 garbage-first heap   total 362496K, used 145602K [0x00000000a0000000, 0x0000000100000000)
  region size 1024K, 2 young (2048K), 2 survivors (2048K)
 Metaspace       used 148795K, capacity 151866K, committed 151936K, reserved 1181696K
  class space    used 18015K, capacity 19057K, committed 19072K, reserved 1048576K
}
Event: 2609.082 GC heap before
{Heap before GC invocations=261 (full 0):
 garbage-first heap   total 362496K, used 178370K [0x00000000a0000000, 0x0000000100000000)
  region size 1024K, 35 young (35840K), 2 survivors (2048K)
 Metaspace       used 148825K, capacity 151938K, committed 152192K, reserved 1181696K
  class space    used 18015K, capacity 19058K, committed 19072K, reserved 1048576K
}
Event: 2609.116 GC heap after
{Heap after GC invocations=262 (full 0):
 garbage-first heap   total 362496K, used 147146K [0x00000000a0000000, 0x0000000100000000)
  region size 1024K, 4 young (4096K), 4 survivors (4096K)
 Metaspace       used 148825K, capacity 151938K, committed 152192K, reserved 1181696K
  class space    used 18015K, capacity 19058K, committed 19072K, reserved 1048576K
}
Event: 2610.032 GC heap before
{Heap before GC invocations=262 (full 0):
 garbage-first heap   total 362496K, used 187082K [0x00000000a0000000, 0x0000000100000000)
  region size 1024K, 43 young (44032K), 4 survivors (4096K)
 Metaspace       used 148838K, capacity 151941K, committed 152192K, reserved 1181696K
  class space    used 18016K, capacity 19059K, committed 19072K, reserved 1048576K
}
Event: 2610.221 GC heap after
{Heap after GC invocations=263 (full 0):
 garbage-first heap   total 362496K, used 149842K [0x00000000a0000000, 0x0000000100000000)
  region size 1024K, 6 young (6144K), 6 survivors (6144K)
 Metaspace       used 148838K, capacity 151941K, committed 152192K, reserved 1181696K
  class space    used 18016K, capacity 19059K, committed 19072K, reserved 1048576K
}
Event: 2611.200 GC heap before
{Heap before GC invocations=263 (full 0):
 garbage-first heap   total 362496K, used 185682K [0x00000000a0000000, 0x0000000100000000)
  region size 1024K, 41 young (41984K), 6 survivors (6144K)
 Metaspace       used 148854K, capacity 151943K, committed 152192K, reserved 1181696K
  class space    used 18016K, capacity 19059K, committed 19072K, reserved 1048576K
}
Event: 2612.863 GC heap after
{Heap after GC invocations=264 (full 0):
 garbage-first heap   total 362496K, used 151795K [0x00000000a0000000, 0x0000000100000000)
  region size 1024K, 4 young (4096K), 4 survivors (4096K)
 Metaspace       used 148854K, capacity 151943K, committed 152192K, reserved 1181696K
  class space    used 18016K, capacity 19059K, committed 19072K, reserved 1048576K
}
Event: 2613.132 GC heap before
{Heap before GC invocations=264 (full 0):
 garbage-first heap   total 362496K, used 165107K [0x00000000a0000000, 0x0000000100000000)
  region size 1024K, 17 young (17408K), 4 survivors (4096K)
 Metaspace       used 148864K, capacity 151943K, committed 152192K, reserved 1181696K
  class space    used 18016K, capacity 19059K, committed 19072K, reserved 1048576K
}
Event: 2613.483 GC heap after
{Heap after GC invocations=265 (full 0):
 garbage-first heap   total 362496K, used 152942K [0x00000000a0000000, 0x0000000100000000)
  region size 1024K, 2 young (2048K), 2 survivors (2048K)
 Metaspace       used 148864K, capacity 151943K, committed 152192K, reserved 1181696K
  class space    used 18016K, capacity 19059K, committed 19072K, reserved 1048576K
}
Event: 2613.731 GC heap before
{Heap before GC invocations=265 (full 0):
 garbage-first heap   total 362496K, used 168302K [0x00000000a0000000, 0x0000000100000000)
  region size 1024K, 17 young (17408K), 2 survivors (2048K)
 Metaspace       used 148864K, capacity 151943K, committed 152192K, reserved 1181696K
  class space    used 18016K, capacity 19059K, committed 19072K, reserved 1048576K
}

Deoptimization events (20 events):
Event: 2613.487 Thread 0x000001ce1ed30800 DEOPT PACKING pc=0x000001ce0e733828 sp=0x00000070f0ffb480
Event: 2613.487 Thread 0x000001ce1ed30800 DEOPT UNPACKING pc=0x000001ce05f968a9 sp=0x00000070f0ffb480 mode 2
Event: 2613.526 Thread 0x000001ce1ed30800 Uncommon trap: trap_request=0xffffffc6 fr.pc=0x000001ce0e7218fc relative=0x000000000000443c
Event: 2613.526 Thread 0x000001ce1ed30800 Uncommon trap: reason=bimorphic_or_optimized_type_check action=maybe_recompile pc=0x000001ce0e7218fc method=com.android.tools.r8.ir.code.k0.a(Lcom/android/tools/r8/ir/analysis/type/TypeLatticeElement;)Lcom/android/tools/r8/ir/code/k0; @ 19 c2
Event: 2613.526 Thread 0x000001ce1ed30800 DEOPT PACKING pc=0x000001ce0e7218fc sp=0x00000070f0ffaaa0
Event: 2613.526 Thread 0x000001ce1ed30800 DEOPT UNPACKING pc=0x000001ce05f968a9 sp=0x00000070f0ffaa50 mode 2
Event: 2613.527 Thread 0x000001ce1ed30800 Uncommon trap: trap_request=0xffffffc6 fr.pc=0x000001ce0e7218fc relative=0x000000000000443c
Event: 2613.527 Thread 0x000001ce1ed30800 Uncommon trap: reason=bimorphic_or_optimized_type_check action=maybe_recompile pc=0x000001ce0e7218fc method=com.android.tools.r8.ir.code.k0.a(Lcom/android/tools/r8/ir/analysis/type/TypeLatticeElement;)Lcom/android/tools/r8/ir/code/k0; @ 19 c2
Event: 2613.527 Thread 0x000001ce1ed30800 DEOPT PACKING pc=0x000001ce0e7218fc sp=0x00000070f0ffad60
Event: 2613.527 Thread 0x000001ce1ed30800 DEOPT UNPACKING pc=0x000001ce05f968a9 sp=0x00000070f0ffad10 mode 2
Event: 2613.528 Thread 0x000001ce1ed30800 Uncommon trap: trap_request=0xffffffc6 fr.pc=0x000001ce0e7218fc relative=0x000000000000443c
Event: 2613.528 Thread 0x000001ce1ed30800 Uncommon trap: reason=bimorphic_or_optimized_type_check action=maybe_recompile pc=0x000001ce0e7218fc method=com.android.tools.r8.ir.code.k0.a(Lcom/android/tools/r8/ir/analysis/type/TypeLatticeElement;)Lcom/android/tools/r8/ir/code/k0; @ 19 c2
Event: 2613.528 Thread 0x000001ce1ed30800 DEOPT PACKING pc=0x000001ce0e7218fc sp=0x00000070f0ffab10
Event: 2613.528 Thread 0x000001ce1ed30800 DEOPT UNPACKING pc=0x000001ce05f968a9 sp=0x00000070f0ffaac0 mode 2
Event: 2613.528 Thread 0x000001ce1ed30800 Uncommon trap: trap_request=0xffffffc6 fr.pc=0x000001ce0e7218fc relative=0x000000000000443c
Event: 2613.528 Thread 0x000001ce1ed30800 Uncommon trap: reason=bimorphic_or_optimized_type_check action=maybe_recompile pc=0x000001ce0e7218fc method=com.android.tools.r8.ir.code.k0.a(Lcom/android/tools/r8/ir/analysis/type/TypeLatticeElement;)Lcom/android/tools/r8/ir/code/k0; @ 19 c2
Event: 2613.528 Thread 0x000001ce1ed30800 DEOPT PACKING pc=0x000001ce0e7218fc sp=0x00000070f0ffa8c0
Event: 2613.528 Thread 0x000001ce1ed30800 DEOPT UNPACKING pc=0x000001ce05f968a9 sp=0x00000070f0ffa870 mode 2
Event: 2613.602 Thread 0x000001ce1ed30800 DEOPT PACKING pc=0x000001ce0844a51f sp=0x00000070f0ffb0c0
Event: 2613.602 Thread 0x000001ce1ed30800 DEOPT UNPACKING pc=0x000001ce05f966bf sp=0x00000070f0ffa550 mode 0

Classes redefined (0 events):
No events

Internal exceptions (20 events):
Event: 2606.290 Thread 0x000001ce1ed30800 Exception <a 'sun/nio/fs/WindowsException'{0x00000000b5d2b4e8}> (0x00000000b5d2b4e8) thrown at [./src/hotspot/share/prims/jni.cpp, line 615]
Event: 2606.314 Thread 0x000001ce1ed31800 Exception <a 'java/lang/NoSuchMethodError'{0x00000000b5ebfcd8}: 'java.lang.Object java.lang.invoke.DirectMethodHandle$Holder.invokeSpecial(java.lang.Object, java.lang.Object, java.lang.Object, java.lang.Object, java.lang.Object, int)'> (0x00000000b5ebfcd8) thrown at [./src/hotspot/share/interpreter/linkResolver.cpp, line 773]
Event: 2606.318 Thread 0x000001ce1ed31800 Exception <a 'java/lang/NoSuchMethodError'{0x00000000b5ec3b20}: 'java.lang.Object java.lang.invoke.Invokers$Holder.linkToTargetMethod(java.lang.Object, java.lang.Object, java.lang.Object, int, java.lang.Object)'> (0x00000000b5ec3b20) thrown at [./src/hotspot/share/interpreter/linkResolver.cpp, line 773]
Event: 2606.357 Thread 0x000001ce1ed2b800 Exception <a 'sun/nio/fs/WindowsException'{0x00000000b5a12c88}> (0x00000000b5a12c88) thrown at [./src/hotspot/share/prims/jni.cpp, line 615]
Event: 2606.411 Thread 0x000001ce1f86b000 Exception <a 'sun/nio/fs/WindowsException'{0x00000000b58c4528}> (0x00000000b58c4528) thrown at [./src/hotspot/share/prims/jni.cpp, line 615]
Event: 2606.443 Thread 0x000001ce1ed30800 Exception <a 'sun/nio/fs/WindowsException'{0x00000000b569c2e0}> (0x00000000b569c2e0) thrown at [./src/hotspot/share/prims/jni.cpp, line 615]
Event: 2606.747 Thread 0x000001ce1f86b000 Exception <a 'java/lang/NoSuchMethodError'{0x00000000b5fda878}: 'void java.lang.invoke.DirectMethodHandle$Holder.invokeVirtual(java.lang.Object, java.lang.Object, int, java.lang.Object)'> (0x00000000b5fda878) thrown at [./src/hotspot/share/interpreter/linkResolver.cpp, line 773]
Event: 2606.858 Thread 0x000001ce1ed31800 Exception <a 'java/lang/NoSuchMethodError'{0x00000000b56d7ad0}: 'int java.lang.invoke.DirectMethodHandle$Holder.invokeInterface(java.lang.Object, java.lang.Object, int)'> (0x00000000b56d7ad0) thrown at [./src/hotspot/share/interpreter/linkResolver.cpp, line 773]
Event: 2606.884 Thread 0x000001ce1ed2b800 Exception <a 'sun/nio/fs/WindowsException'{0x00000000b55fc218}> (0x00000000b55fc218) thrown at [./src/hotspot/share/prims/jni.cpp, line 615]
Event: 2606.939 Thread 0x000001ce1ed30800 Exception <a 'sun/nio/fs/WindowsException'{0x00000000b5293338}> (0x00000000b5293338) thrown at [./src/hotspot/share/prims/jni.cpp, line 615]
Event: 2607.136 Thread 0x000001ce1f86b000 Exception <a 'sun/nio/fs/WindowsException'{0x00000000b465bb90}> (0x00000000b465bb90) thrown at [./src/hotspot/share/prims/jni.cpp, line 615]
Event: 2607.387 Thread 0x000001ce1ed2b800 Exception <a 'sun/nio/fs/WindowsException'{0x00000000b5cff628}> (0x00000000b5cff628) thrown at [./src/hotspot/share/prims/jni.cpp, line 615]
Event: 2607.434 Thread 0x000001ce1f86b000 Exception <a 'sun/nio/fs/WindowsException'{0x00000000b5a54750}> (0x00000000b5a54750) thrown at [./src/hotspot/share/prims/jni.cpp, line 615]
Event: 2607.786 Thread 0x000001ce1ed30800 Exception <a 'sun/nio/fs/WindowsException'{0x00000000b48c0ad0}> (0x00000000b48c0ad0) thrown at [./src/hotspot/share/prims/jni.cpp, line 615]
Event: 2607.911 Thread 0x000001ce1ed2b800 Exception <a 'sun/nio/fs/WindowsException'{0x00000000b614b550}> (0x00000000b614b550) thrown at [./src/hotspot/share/prims/jni.cpp, line 615]
Event: 2607.940 Thread 0x000001ce1f86b000 Exception <a 'sun/nio/fs/WindowsException'{0x00000000b60cd9d0}> (0x00000000b60cd9d0) thrown at [./src/hotspot/share/prims/jni.cpp, line 615]
Event: 2608.139 Thread 0x000001ce1ed30800 Exception <a 'sun/nio/fs/WindowsException'{0x00000000b5b5e668}> (0x00000000b5b5e668) thrown at [./src/hotspot/share/prims/jni.cpp, line 615]
Event: 2608.353 Thread 0x000001ce1ed2b800 Exception <a 'sun/nio/fs/WindowsException'{0x00000000b5428a68}> (0x00000000b5428a68) thrown at [./src/hotspot/share/prims/jni.cpp, line 615]
Event: 2609.642 Thread 0x000001ce1f86b000 Exception <a 'sun/nio/fs/WindowsException'{0x00000000b4968fd0}> (0x00000000b4968fd0) thrown at [./src/hotspot/share/prims/jni.cpp, line 615]
Event: 2613.531 Thread 0x000001ce1ed2b800 Exception <a 'sun/nio/fs/WindowsException'{0x00000000b617cce8}> (0x00000000b617cce8) thrown at [./src/hotspot/share/prims/jni.cpp, line 615]

Events (20 events):
Event: 2606.859 loading class com/android/tools/r8/n/a/a/a/g/U0 done
Event: 2607.175 Executing VM operation: G1CollectForAllocation
Event: 2607.223 Executing VM operation: G1CollectForAllocation done
Event: 2607.273 Executing VM operation: RevokeBias
Event: 2607.285 Executing VM operation: RevokeBias done
Event: 2607.862 Executing VM operation: G1CollectForAllocation
Event: 2607.907 Executing VM operation: G1CollectForAllocation done
Event: 2609.059 Executing VM operation: G1CollectForAllocation
Event: 2609.116 Executing VM operation: G1CollectForAllocation done
Event: 2609.156 loading class com/android/tools/r8/ir/code/Move
Event: 2609.156 loading class com/android/tools/r8/ir/code/Move done
Event: 2609.156 loading class com/android/tools/r8/ir/code/Move
Event: 2609.156 loading class com/android/tools/r8/ir/code/Move done
Event: 2610.030 Executing VM operation: G1CollectForAllocation
Event: 2610.221 Executing VM operation: G1CollectForAllocation done
Event: 2611.157 Executing VM operation: G1CollectForAllocation
Event: 2612.863 Executing VM operation: G1CollectForAllocation done
Event: 2613.091 Executing VM operation: G1CollectForAllocation
Event: 2613.484 Executing VM operation: G1CollectForAllocation done
Event: 2613.725 Executing VM operation: G1CollectForAllocation


Dynamic libraries:
0x00007ff7a4150000 - 0x00007ff7a415a000 	D:\android tools\New folder\jre\bin\java.exe
0x00007ffd2bbd0000 - 0x00007ffd2bda0000 	C:\Windows\SYSTEM32\ntdll.dll
0x00007ffd291c0000 - 0x00007ffd2926b000 	C:\Windows\System32\KERNEL32.DLL
0x00007ffd28340000 - 0x00007ffd2855d000 	C:\Windows\System32\KERNELBASE.dll
0x00007ffd28e40000 - 0x00007ffd28f34000 	C:\Windows\System32\ucrtbase.dll
0x00007ffd20b70000 - 0x00007ffd20b89000 	D:\android tools\New folder\jre\bin\jli.dll
0x00007ffd20b50000 - 0x00007ffd20b67000 	D:\android tools\New folder\jre\bin\VCRUNTIME140.dll
0x00007ffd2ae60000 - 0x00007ffd2afc5000 	C:\Windows\System32\USER32.dll
0x00007ffd1e2b0000 - 0x00007ffd1e52a000 	C:\Windows\WinSxS\amd64_microsoft.windows.common-controls_6595b64144ccf1df_6.0.14393.2848_none_7ddecd5e83436d8c\COMCTL32.dll
0x00007ffd28190000 - 0x00007ffd281ae000 	C:\Windows\System32\win32u.dll
0x00007ffd2ba20000 - 0x00007ffd2ba54000 	C:\Windows\System32\GDI32.dll
0x00007ffd281b0000 - 0x00007ffd28331000 	C:\Windows\System32\gdi32full.dll
0x00007ffd2b170000 - 0x00007ffd2b20e000 	C:\Windows\System32\msvcrt.dll
0x00007ffd2b510000 - 0x00007ffd2b7d5000 	C:\Windows\System32\combase.dll
0x00007ffd2b270000 - 0x00007ffd2b391000 	C:\Windows\System32\RPCRT4.dll
0x00007ffd28120000 - 0x00007ffd2818a000 	C:\Windows\System32\bcryptPrimitives.dll
0x00007ffd2bb80000 - 0x00007ffd2bbae000 	C:\Windows\System32\IMM32.DLL
0x00007ffd0af50000 - 0x00007ffd0afed000 	D:\android tools\New folder\jre\bin\msvcp140.dll
0x00007ffcfcc50000 - 0x00007ffcfd70c000 	D:\android tools\New folder\jre\bin\server\jvm.dll
0x00007ffd2b810000 - 0x00007ffd2b8b2000 	C:\Windows\System32\ADVAPI32.dll
0x00007ffd2ad90000 - 0x00007ffd2ade9000 	C:\Windows\System32\sechost.dll
0x00007ffd2b7e0000 - 0x00007ffd2b7e8000 	C:\Windows\System32\PSAPI.DLL
0x00007ffd24c90000 - 0x00007ffd24c99000 	C:\Windows\SYSTEM32\WSOCK32.dll
0x00007ffd26460000 - 0x00007ffd26483000 	C:\Windows\SYSTEM32\WINMM.dll
0x00007ffd2b4a0000 - 0x00007ffd2b50a000 	C:\Windows\System32\WS2_32.dll
0x00007ffd18740000 - 0x00007ffd1874a000 	C:\Windows\SYSTEM32\VERSION.dll
0x00007ffd261f0000 - 0x00007ffd2621b000 	C:\Windows\SYSTEM32\WINMMBASE.dll
0x00007ffd28f40000 - 0x00007ffd28f82000 	C:\Windows\System32\cfgmgr32.dll
0x00007ffd28050000 - 0x00007ffd2805f000 	C:\Windows\System32\kernel.appcore.dll
0x00007ffd19820000 - 0x00007ffd19831000 	D:\android tools\New folder\jre\bin\verify.dll
0x00007ffd24a00000 - 0x00007ffd24b92000 	C:\Windows\SYSTEM32\DBGHELP.DLL
0x00007ffd17370000 - 0x00007ffd17399000 	C:\Windows\SYSTEM32\dbgcore.DLL
0x00007ffd104f0000 - 0x00007ffd10519000 	D:\android tools\New folder\jre\bin\java.dll
0x00007ffd1bc20000 - 0x00007ffd1bc2b000 	D:\android tools\New folder\jre\bin\jimage.dll
0x00007ffd104d0000 - 0x00007ffd104e8000 	D:\android tools\New folder\jre\bin\zip.dll
0x00007ffd296a0000 - 0x00007ffd2aba5000 	C:\Windows\System32\SHELL32.dll
0x00007ffd28600000 - 0x00007ffd28cd9000 	C:\Windows\System32\windows.storage.dll
0x00007ffd28060000 - 0x00007ffd280ac000 	C:\Windows\System32\powrprof.dll
0x00007ffd29160000 - 0x00007ffd291b2000 	C:\Windows\System32\shlwapi.dll
0x00007ffd28d90000 - 0x00007ffd28e39000 	C:\Windows\System32\shcore.dll
0x00007ffd28030000 - 0x00007ffd28044000 	C:\Windows\System32\profapi.dll
0x00007ffd0e600000 - 0x00007ffd0e61a000 	D:\android tools\New folder\jre\bin\net.dll
0x00007ffd1b1d0000 - 0x00007ffd1b29c000 	C:\Windows\SYSTEM32\WINHTTP.dll
0x00007ffd27900000 - 0x00007ffd2795c000 	C:\Windows\system32\mswsock.dll
0x00007ffd0e430000 - 0x00007ffd0e444000 	D:\android tools\New folder\jre\bin\nio.dll
0x00007ffd20bb0000 - 0x00007ffd20bd6000 	C:\Users\ME\.gradle\native\29\windows-amd64\native-platform.dll
0x00007ffd1c570000 - 0x00007ffd1c57a000 	D:\android tools\New folder\jre\bin\management.dll
0x00007ffd1c560000 - 0x00007ffd1c56c000 	D:\android tools\New folder\jre\bin\management_ext.dll
0x00007ffd27aa0000 - 0x00007ffd27ab7000 	C:\Windows\SYSTEM32\CRYPTSP.dll
0x00007ffd27500000 - 0x00007ffd27533000 	C:\Windows\system32\rsaenh.dll
0x00007ffd27f70000 - 0x00007ffd27f9b000 	C:\Windows\SYSTEM32\bcrypt.dll
0x00007ffd27780000 - 0x00007ffd2779f000 	C:\Windows\SYSTEM32\USERENV.dll
0x00007ffd27ac0000 - 0x00007ffd27acb000 	C:\Windows\SYSTEM32\CRYPTBASE.dll
0x00007ffd27680000 - 0x00007ffd276b8000 	C:\Windows\SYSTEM32\IPHLPAPI.DLL
0x00007ffd2bbb0000 - 0x00007ffd2bbb8000 	C:\Windows\System32\NSI.dll
0x00007ffd1bb90000 - 0x00007ffd1bba6000 	C:\Windows\SYSTEM32\dhcpcsvc6.DLL
0x00007ffd1e270000 - 0x00007ffd1e28a000 	C:\Windows\SYSTEM32\dhcpcsvc.DLL
0x00007ffd224c0000 - 0x00007ffd224e7000 	D:\android tools\New folder\jre\bin\sunec.dll
0x00007ffd276c0000 - 0x00007ffd27761000 	C:\Windows\SYSTEM32\DNSAPI.dll
0x00007ffd1a060000 - 0x00007ffd1a06a000 	C:\Windows\System32\rasadhlp.dll
0x00007ffd1e680000 - 0x00007ffd1e6ea000 	C:\Windows\System32\fwpuclnt.dll

dbghelp: loaded successfully - version: 4.0.5 - missing functions: none
symbol engine: initialized successfully - sym options: 0x614 - pdb path: .;D:\android tools\New folder\jre\bin;C:\Windows\SYSTEM32;C:\Windows\WinSxS\amd64_microsoft.windows.common-controls_6595b64144ccf1df_6.0.14393.2848_none_7ddecd5e83436d8c;D:\android tools\New folder\jre\bin\server;C:\Users\ME\.gradle\native\29\windows-amd64

VM Arguments:
jvm_args: --add-opens=java.base/java.util=ALL-UNNAMED --add-opens=java.base/java.lang=ALL-UNNAMED --add-opens=java.base/java.lang.invoke=ALL-UNNAMED --add-opens=java.prefs/java.util.prefs=ALL-UNNAMED -Xmx1536m -Dfile.encoding=GBK -Duser.country=CA -Duser.language=en -Duser.variant 
java_command: org.gradle.launcher.daemon.bootstrap.GradleDaemon 5.4.1
java_class_path (initial): C:\Users\ME\.gradle\wrapper\dists\gradle-5.4.1-all\3221gyojl5jsh0helicew7rwx\gradle-5.4.1\lib\gradle-launcher-5.4.1.jar
Launcher Type: SUN_STANDARD

[Global flags]
     intx CICompilerCount                          = 3                                         {product} {ergonomic}
     uint ConcGCThreads                            = 1                                         {product} {ergonomic}
     uint G1ConcRefinementThreads                  = 4                                         {product} {ergonomic}
   size_t G1HeapRegionSize                         = 1048576                                   {product} {ergonomic}
    uintx GCDrainStackTargetSize                   = 64                                        {product} {ergonomic}
   size_t InitialHeapSize                          = 33554432                                  {product} {ergonomic}
   size_t MarkStackSize                            = 4194304                                   {product} {ergonomic}
   size_t MaxHeapSize                              = 1610612736                                {product} {command line}
   size_t MaxNewSize                               = 965738496                                 {product} {ergonomic}
   size_t MinHeapDeltaBytes                        = 1048576                                   {product} {ergonomic}
    uintx NonNMethodCodeHeapSize                   = 5830732                                {pd product} {ergonomic}
    uintx NonProfiledCodeHeapSize                  = 122913754                              {pd product} {ergonomic}
    uintx ProfiledCodeHeapSize                     = 122913754                              {pd product} {ergonomic}
    uintx ReservedCodeCacheSize                    = 251658240                              {pd product} {ergonomic}
     bool SegmentedCodeCache                       = true                                      {product} {ergonomic}
     bool UseCompressedClassPointers               = true                                 {lp64_product} {ergonomic}
     bool UseCompressedOops                        = true                                 {lp64_product} {ergonomic}
     bool UseG1GC                                  = true                                      {product} {ergonomic}
     bool UseLargePagesIndividualAllocation        = false                                  {pd product} {ergonomic}

Logging:
Log output configuration:
 #0: stdout all=warning uptime,level,tags
 #1: stderr all=off uptime,level,tags

Environment Variables:
PATH=C:\ProgramData\Oracle\Java\javapath;C:\Windows\system32;C:\Windows;C:\Windows\System32\Wbem;C:\Windows\System32\WindowsPowerShell\v1.0\;C:\Program Files\TortoiseSVN\bin;C:\Program Files\Java\jdk1.7.0_07\bin; C:\Users\ME\AppData\Local\Microsoft\WindowsApps
USERNAME=ME
OS=Windows_NT
PROCESSOR_IDENTIFIER=Intel64 Family 6 Model 76 Stepping 4, GenuineIntel



---------------  S Y S T E M  ---------------

OS: Windows 10 , 64 bit Build 14393 (10.0.14393.2906)
OS uptime: 0 days 1:03 hours

CPU:total 4 (initial active 4) (4 cores per cpu, 1 threads per core) family 6 model 76 stepping 4, cmov, cx8, fxsr, mmx, sse, sse2, sse3, ssse3, sse4.1, sse4.2, popcnt, aes, clmul, erms, 3dnowpref, tsc, tscinvbit

Memory: 4k page, system-wide physical 1972M (177M free)
TotalPageFile size 5219M (AvailPageFile size 92M)
current process WorkingSet (physical memory assigned to process): 341M, peak: 375M
current process commit charge ("private bytes"): 745M, peak: 1218M

vm_info: OpenJDK 64-Bit Server VM (11.0.8+10-b944.6842174) for windows-amd64 JRE (11.0.8+10-b944.6842174), built on Sep 19 2020 01:11:42 by "builder" with MS VC++ 14.0 (VS2015)

END.
